<?xml version="1.0" encoding="UTF-8"?>
<robot generator="Robot 3.2.1 (Python 3.8.3 on win32)" generated="20200809 21:20:22.198" rpa="false">
<suite id="s1" name="Receber-Pedidos" source="c:\Users\Celo\Documents\MEGAsync\Study\IT\QA_automation\QA Ninja\RoboWeek2ed\ninjachef\web\tests\receber-pedidos.robot">
<test id="s1-t1" name="Receber novo pedido">
<kw name="Open Session" library="base" type="setup">
<kw name="Open Browser" library="SeleniumLibrary">
<doc>Opens a new browser instance to the optional ``url``.</doc>
<arguments>
<arg>about:blank</arg>
<arg>chrome</arg>
</arguments>
<msg timestamp="20200809 21:20:24.810" level="INFO">Opening browser 'chrome' to base url 'about:blank'.</msg>
<status status="PASS" starttime="20200809 21:20:24.809" endtime="20200809 21:20:33.521"></status>
</kw>
<status status="PASS" starttime="20200809 21:20:24.809" endtime="20200809 21:20:33.521"></status>
</kw>
<kw name="Dado que &quot;eduguedes@gmail.com&quot; é minha conta de cozinheiro">
<kw name="Set Test Variable" library="BuiltIn">
<doc>Makes a variable available everywhere within the scope of the current test.</doc>
<arguments>
<arg>${email_cozinheiro}</arg>
</arguments>
<msg timestamp="20200809 21:20:33.526" level="INFO">${email_cozinheiro} = eduguedes@gmail.com</msg>
<status status="PASS" starttime="20200809 21:20:33.525" endtime="20200809 21:20:33.526"></status>
</kw>
<kw name="Create Dictionary" library="BuiltIn">
<doc>Creates and returns a dictionary based on the given ``items``.</doc>
<arguments>
<arg>Content-Type=application/json</arg>
</arguments>
<assign>
<var>&amp;{headers}</var>
</assign>
<msg timestamp="20200809 21:20:33.528" level="INFO">&amp;{headers} = { Content-Type=application/json }</msg>
<status status="PASS" starttime="20200809 21:20:33.527" endtime="20200809 21:20:33.528"></status>
</kw>
<kw name="Create Dictionary" library="BuiltIn">
<doc>Creates and returns a dictionary based on the given ``items``.</doc>
<arguments>
<arg>email=${email_cozinheiro}</arg>
</arguments>
<assign>
<var>&amp;{payload}</var>
</assign>
<msg timestamp="20200809 21:20:33.529" level="INFO">&amp;{payload} = { email=eduguedes@gmail.com }</msg>
<status status="PASS" starttime="20200809 21:20:33.528" endtime="20200809 21:20:33.529"></status>
</kw>
<kw name="Create Session" library="RequestsLibrary">
<doc>Create Session: create a HTTP session to a server</doc>
<arguments>
<arg>api</arg>
<arg>http://ninjachef-api-qaninja-io.umbler.net</arg>
</arguments>
<msg timestamp="20200809 21:20:33.529" level="INFO">Creating Session using : alias=api, url=http://ninjachef-api-qaninja-io.umbler.net, headers={},                     cookies={}, auth=None, timeout=None, proxies=None, verify=False,                     debug=0 </msg>
<status status="PASS" starttime="20200809 21:20:33.529" endtime="20200809 21:20:33.530"></status>
</kw>
<kw name="Post Request" library="RequestsLibrary">
<doc>Send a POST request on the session object found using the
given `alias`</doc>
<arguments>
<arg>api</arg>
<arg>/sessions</arg>
<arg>data=${payload}</arg>
<arg>headers=${headers}</arg>
</arguments>
<assign>
<var>${resp}</var>
</assign>
<msg timestamp="20200809 21:20:33.758" level="INFO">POST Request : url=http://ninjachef-api-qaninja-io.umbler.net/sessions 
 path_url=/sessions 
 headers={'User-Agent': 'python-requests/2.24.0', 'Accept-Encoding': 'gzip, deflate', 'Accept': '*/*', 'Connection': 'keep-alive', 'Content-Type': 'application/json', 'Content-Length': '32'} 
 body={"email": "eduguedes@gmail.com"} 
 </msg>
<msg timestamp="20200809 21:20:33.758" level="INFO">POST Response : url=http://ninjachef-api-qaninja-io.umbler.net/sessions 
 status=200, reason=OK 
 body={"_id":"5f1744fc42f1f60016038846","email":"eduguedes@gmail.com","__v":0} 
 </msg>
<msg timestamp="20200809 21:20:33.758" level="INFO">${resp} = &lt;Response [200]&gt;</msg>
<status status="PASS" starttime="20200809 21:20:33.530" endtime="20200809 21:20:33.758"></status>
</kw>
<kw name="Status Should Be" library="RequestsLibrary">
<doc>Fails if response status code is different than the expected.</doc>
<arguments>
<arg>200</arg>
<arg>${resp}</arg>
</arguments>
<status status="PASS" starttime="20200809 21:20:33.758" endtime="20200809 21:20:33.759"></status>
</kw>
<kw name="Convert To String" library="BuiltIn">
<doc>Converts the given item to a Unicode string.</doc>
<arguments>
<arg>${resp.json()['_id']}</arg>
</arguments>
<assign>
<var>${token_cozinheiro}</var>
</assign>
<msg timestamp="20200809 21:20:33.759" level="INFO">${token_cozinheiro} = 5f1744fc42f1f60016038846</msg>
<status status="PASS" starttime="20200809 21:20:33.759" endtime="20200809 21:20:33.759"></status>
</kw>
<kw name="Set Test Variable" library="BuiltIn">
<doc>Makes a variable available everywhere within the scope of the current test.</doc>
<arguments>
<arg>${token_cozinheiro}</arg>
</arguments>
<msg timestamp="20200809 21:20:33.760" level="INFO">${token_cozinheiro} = 5f1744fc42f1f60016038846</msg>
<status status="PASS" starttime="20200809 21:20:33.759" endtime="20200809 21:20:33.760"></status>
</kw>
<status status="PASS" starttime="20200809 21:20:33.522" endtime="20200809 21:20:33.760"></status>
</kw>
<kw name="E &quot;fernando@bol.com.br&quot; é o email do meu cliente">
<kw name="Set Test Variable" library="BuiltIn">
<doc>Makes a variable available everywhere within the scope of the current test.</doc>
<arguments>
<arg>${email_cliente}</arg>
</arguments>
<msg timestamp="20200809 21:20:33.761" level="INFO">${email_cliente} = fernando@bol.com.br</msg>
<status status="PASS" starttime="20200809 21:20:33.761" endtime="20200809 21:20:33.761"></status>
</kw>
<kw name="Create Dictionary" library="BuiltIn">
<doc>Creates and returns a dictionary based on the given ``items``.</doc>
<arguments>
<arg>Content-Type=application/json</arg>
</arguments>
<assign>
<var>&amp;{headers}</var>
</assign>
<msg timestamp="20200809 21:20:33.762" level="INFO">&amp;{headers} = { Content-Type=application/json }</msg>
<status status="PASS" starttime="20200809 21:20:33.762" endtime="20200809 21:20:33.762"></status>
</kw>
<kw name="Create Dictionary" library="BuiltIn">
<doc>Creates and returns a dictionary based on the given ``items``.</doc>
<arguments>
<arg>email=${email_cliente}</arg>
</arguments>
<assign>
<var>&amp;{payload}</var>
</assign>
<msg timestamp="20200809 21:20:33.763" level="INFO">&amp;{payload} = { email=fernando@bol.com.br }</msg>
<status status="PASS" starttime="20200809 21:20:33.762" endtime="20200809 21:20:33.763"></status>
</kw>
<kw name="Create Session" library="RequestsLibrary">
<doc>Create Session: create a HTTP session to a server</doc>
<arguments>
<arg>api</arg>
<arg>http://ninjachef-api-qaninja-io.umbler.net</arg>
</arguments>
<msg timestamp="20200809 21:20:33.763" level="INFO">Creating Session using : alias=api, url=http://ninjachef-api-qaninja-io.umbler.net, headers={},                     cookies={}, auth=None, timeout=None, proxies=None, verify=False,                     debug=0 </msg>
<status status="PASS" starttime="20200809 21:20:33.763" endtime="20200809 21:20:33.763"></status>
</kw>
<kw name="Post Request" library="RequestsLibrary">
<doc>Send a POST request on the session object found using the
given `alias`</doc>
<arguments>
<arg>api</arg>
<arg>/sessions</arg>
<arg>data=${payload}</arg>
<arg>headers=${headers}</arg>
</arguments>
<assign>
<var>${resp}</var>
</assign>
<msg timestamp="20200809 21:20:33.978" level="INFO">POST Request : url=http://ninjachef-api-qaninja-io.umbler.net/sessions 
 path_url=/sessions 
 headers={'User-Agent': 'python-requests/2.24.0', 'Accept-Encoding': 'gzip, deflate', 'Accept': '*/*', 'Connection': 'keep-alive', 'Content-Type': 'application/json', 'Content-Length': '32'} 
 body={"email": "fernando@bol.com.br"} 
 </msg>
<msg timestamp="20200809 21:20:33.978" level="INFO">POST Response : url=http://ninjachef-api-qaninja-io.umbler.net/sessions 
 status=200, reason=OK 
 body={"_id":"5f1744fc42f1f60016038847","email":"fernando@bol.com.br","__v":0} 
 </msg>
<msg timestamp="20200809 21:20:33.979" level="INFO">${resp} = &lt;Response [200]&gt;</msg>
<status status="PASS" starttime="20200809 21:20:33.764" endtime="20200809 21:20:33.980"></status>
</kw>
<kw name="Status Should Be" library="RequestsLibrary">
<doc>Fails if response status code is different than the expected.</doc>
<arguments>
<arg>200</arg>
<arg>${resp}</arg>
</arguments>
<status status="PASS" starttime="20200809 21:20:33.981" endtime="20200809 21:20:33.983"></status>
</kw>
<kw name="Convert To String" library="BuiltIn">
<doc>Converts the given item to a Unicode string.</doc>
<arguments>
<arg>${resp.json()['_id']}</arg>
</arguments>
<assign>
<var>${token_cliente}</var>
</assign>
<msg timestamp="20200809 21:20:33.986" level="INFO">${token_cliente} = 5f1744fc42f1f60016038847</msg>
<status status="PASS" starttime="20200809 21:20:33.983" endtime="20200809 21:20:33.986"></status>
</kw>
<kw name="Set Test Variable" library="BuiltIn">
<doc>Makes a variable available everywhere within the scope of the current test.</doc>
<arguments>
<arg>${token_cliente}</arg>
</arguments>
<msg timestamp="20200809 21:20:33.989" level="INFO">${token_cliente} = 5f1744fc42f1f60016038847</msg>
<status status="PASS" starttime="20200809 21:20:33.987" endtime="20200809 21:20:33.990"></status>
</kw>
<status status="PASS" starttime="20200809 21:20:33.761" endtime="20200809 21:20:33.991"></status>
</kw>
<kw name="E que &quot;Carne de Jaca Louca&quot; está cadastrado no meu dashboard">
<kw name="Set Test Variable" library="BuiltIn">
<doc>Makes a variable available everywhere within the scope of the current test.</doc>
<arguments>
<arg>${produto}</arg>
</arguments>
<msg timestamp="20200809 21:20:33.997" level="INFO">${produto} = Carne de Jaca Louca</msg>
<status status="PASS" starttime="20200809 21:20:33.995" endtime="20200809 21:20:33.997"></status>
</kw>
<kw name="Create Dictionary" library="BuiltIn">
<doc>Creates and returns a dictionary based on the given ``items``.</doc>
<arguments>
<arg>name=${produto}</arg>
<arg>plate=Tipo</arg>
<arg>price=20.00</arg>
</arguments>
<assign>
<var>&amp;{payload}</var>
</assign>
<msg timestamp="20200809 21:20:34.002" level="INFO">&amp;{payload} = { name=Carne de Jaca Louca | plate=Tipo | price=20.00 }</msg>
<status status="PASS" starttime="20200809 21:20:33.998" endtime="20200809 21:20:34.002"></status>
</kw>
<kw name="Get Binary File" library="OperatingSystem">
<doc>Returns the contents of a specified file.</doc>
<arguments>
<arg>${EXECDIR}/resources/images/Pizza-Refeição.jpg</arg>
</arguments>
<assign>
<var>${image_file}</var>
</assign>
<msg timestamp="20200809 21:20:34.005" level="INFO" html="yes">Getting file '&lt;a href="file://c:\Users\Celo\Documents\MEGAsync\Study\IT\QA_automation\QA Ninja\RoboWeek2ed\ninjachef\web\resources\images\Pizza-Refeição.jpg"&gt;c:\Users\Celo\Documents\MEGAsync\Study\IT\QA_automation\QA Ninja\RoboWeek2ed\ninjachef\web\resources\images\Pizza-Refeição.jpg&lt;/a&gt;'.</msg>
<msg timestamp="20200809 21:20:34.029" level="INFO">${image_file} = \xff\xd8\xff\xe0JFIF\xff\xdb\x84	( %!1"%)+...383-7(-.+


-% %--------------------------------------------------\xff\xc0\xb3...</msg>
<status status="PASS" starttime="20200809 21:20:34.003" endtime="20200809 21:20:34.029"></status>
</kw>
<kw name="Create Dictionary" library="BuiltIn">
<doc>Creates and returns a dictionary based on the given ``items``.</doc>
<arguments>
<arg>thumbnail=${image_file}</arg>
</arguments>
<assign>
<var>&amp;{files}</var>
</assign>
<msg timestamp="20200809 21:20:34.048" level="INFO">&amp;{files} = { thumbnail=\xff\xd8\xff\xe0JFIF\xff\xdb\x84	( %!1"%)+...383-7(-.+


-% %--------------------------------------------------\xff\xc0\...</msg>
<status status="PASS" starttime="20200809 21:20:34.030" endtime="20200809 21:20:34.048"></status>
</kw>
<kw name="Create Dictionary" library="BuiltIn">
<doc>Creates and returns a dictionary based on the given ``items``.</doc>
<arguments>
<arg>user_id=${token_cozinheiro}</arg>
</arguments>
<assign>
<var>&amp;{headers}</var>
</assign>
<msg timestamp="20200809 21:20:34.053" level="INFO">&amp;{headers} = { user_id=5f1744fc42f1f60016038846 }</msg>
<status status="PASS" starttime="20200809 21:20:34.049" endtime="20200809 21:20:34.054"></status>
</kw>
<kw name="Create Session" library="RequestsLibrary">
<doc>Create Session: create a HTTP session to a server</doc>
<arguments>
<arg>api</arg>
<arg>http://ninjachef-api-qaninja-io.umbler.net</arg>
</arguments>
<msg timestamp="20200809 21:20:34.056" level="INFO">Creating Session using : alias=api, url=http://ninjachef-api-qaninja-io.umbler.net, headers={},                     cookies={}, auth=None, timeout=None, proxies=None, verify=False,                     debug=0 </msg>
<status status="PASS" starttime="20200809 21:20:34.055" endtime="20200809 21:20:34.057"></status>
</kw>
<kw name="Post Request" library="RequestsLibrary">
<doc>Send a POST request on the session object found using the
given `alias`</doc>
<arguments>
<arg>api</arg>
<arg>/products</arg>
<arg>files=${files}</arg>
<arg>data=${payload}</arg>
<arg>headers=${headers}</arg>
</arguments>
<assign>
<var>${resp}</var>
</assign>
<msg timestamp="20200809 21:20:34.694" level="INFO">POST Request : url=http://ninjachef-api-qaninja-io.umbler.net/products 
 path_url=/products 
 headers={'User-Agent': 'python-requests/2.24.0', 'Accept-Encoding': 'gzip, deflate', 'Accept': '*/*', 'Connection': 'keep-alive', 'user_id': '5f1744fc42f1f60016038846', 'Content-Length': '13663', 'Content-Type': 'multipart/form-data; boundary=3ae37bad5a3a252cf55dbcbae266e7ad'} 
 body=b'--3ae37bad5a3a252cf55dbcbae266e7ad\r\nContent-Disposition: form-data; name="name"\r\n\r\nCarne de Jaca Louca\r\n--3ae37bad5a3a252cf55dbcbae266e7ad\r\nContent-Disposition: form-data; name="plate"\r\n\r\nTipo\r\n--3ae37bad5a3a252cf55dbcbae266e7ad\r\nContent-Disposition: form-data; name="price"\r\n\r\n20.00\r\n--3ae37bad5a3a252cf55dbcbae266e7ad\r\nContent-Disposition: form-data; name="thumbnail"; filename="thumbnail"\r\n\r\n\xff\xd8\xff\xe0\x00\x10JFIF\x00\x01\x01\x00\x00\x01\x00\x01\x00\x00\xff\xdb\x00\x84\x00\t\x06\x07\x12\x12\x12\x15\x12\x13\x12\x16\x15\x15\x15\x15\x18\x17\x18\x17\x17\x17\x15\x17\x15\x18\x15\x15\x15\x17\x17\x18\x18\x16\x17\x18\x1f( \x18\x1a%\x1d\x15\x15!1"%)+...\x17\x1f383-7(-.+\x01\n\n\n\x0e\r\x0e\x1b\x10\x10\x1b-% %--------------------------------------------------\xff\xc0\x00\x11\x08\x00\xb3\x01\x1a\x03\x01\x11\x00\x02\x11\x01\x03\x11\x01\xff\xc4\x00\x1b\x00\x00\x01\x05\x01\x01\x00\x00\x00\x00\x00\x00\x00\x00\x00\x00\x00\x05\x01\x02\x03\x04\x06\x00\x07\xff\xc4\x00&gt;\x10\x00\x01\x03\x02\x04\x04\x04\x04\x04\x05\x02\x06\x03\x01\x00\x00\x01\x02\x03\x11\x00!\x04\x05\x121\x06AQa\x13"q\x812B\x91\xa1\x14R\xb1\xd1\x07\x15#b\xc1\x16\xf0$3\x82\xa2\xe1\xf14cr\x17\xff\xc4\x00\x1a\x01\x00\x02\x03\x01\x01\x00\x00\x00\x00\x00\x00\x00\x00\x00\x00\x00\x00\x01\x02\x03\x04\x05\x06\xff\xc4\x00.\x11\x00\x02\x02\x01\x04\x01\x04\x02\x01\x04\x02\x03\x01\x00\x00\x00\x00\x01\x02\x11\x03\x04\x12!1A\x13\x14"Q\x05a2#q\x81\xa1B\x91\x15R\xc13\xff\xda\x00\x0c\x03\x01\x00\x02\x11\x03\x11\x00?\x00\xf1\x12"\x82t\xd3/\xe5X\xb0\x85\x82\xaa\xa6q\xb3V,\xb7\xd9\xb9\xe0\xcc\xf7J\xf4\x93i\xb7\xa1\xac\xd2\xe1\x9b\x954o8\xbd\xd6\x9ai\xacZ\x15 @R~a&amp;\x08\x03\x9d\xefNPM\xaa(\x8ew\x0bR\x03\xf1^1\x0fe\xe5hV\xa0Jv\xe5q\xbdWT\xc9\xcd\xa9+G\x9bM2\xaa\x1c\r\x01G\x03E\x00\xe1H(Y\xa0\x91\xd3@\x0b"\x80:\xd4\x00\x84\x8a\x06\x85\xb5*\x19\xc0\n@,\n\x06\x85\xd2(\x19\xdaE\x00(@\xa0\x0e\xf0\xc5\x164\x85\r\nV1\xc9hQ`)dP\x07xT\x00\xdf\n\x81\xa6\'\x85J\xc6\'\x83F\xe1\x8eKTX\xe8w\x85J\xc2\x84S4XP\xdf\n\x8b\x1aB\x16\x8d\x16:\x10\xa0\xd3\xb0\xa3\x92\x93E\x85\x0e\x83G\x00g^@5\xd1L\xe5J%e\xb6EYh\xa1\xc1\xa1\xecb\x94\x8b\x83Q\x964\xcb!\x9eQ4\xe8\xccV\xea\x10\x14J\xa0X^\xc7\xb0\xaa\x94c\x1e\x87)\xb9\xf2\xc3\r%\xd4\xe1\xddB\xa7J\xc2JGpzUsV\xed\x16\xe3\x9aI\xa6\x05,\x98\x98\xa88\xb2{\xe2\xc8\xea\x04\xc5\t\xa4\xd8P\xe0\x9aCHp@\xa0gxb\x80\x13H\xa0\x04 P:\x13E\x02\x14$P1t\xd0:\x14&amp;\x81\xd0\xe0\x8aV:\x14"\x95\x80\xed\x14\xc0T\xb7J\xc6\x87xtX\xe8\xef\x0c\xd1`\xd1\xc1\x06\x8b\x15\x0f\xd0iZ\n\x13\xc34nCHB\xd9\xa2\xd0\xe8P\x93Q\xb1\xa4(I\xa2\xc6u\xe8\xb0\x1e\x05+\xa0\x18SCc\x12(\xb1\x88SE\x81\xdah\xb0\x1d\x14\xac\x98\x11\xfc(P\xb5\x8dn\x84\xda9MYMF\x0c\x11W.yDZ\x1f\x81\xcbR\xeb\x89N\xa0\x90O?\xd0w5-\xf4U,_F\xb5\xc5\x0c&lt;!\x08\x00\xed\xb7\xf9\xa8\xf6*\xa2\xa2\xf3%\x93r}("1@(\x92\x0e\x93\xd0\xefL\x05u\xa1#W\x92\xdb\xc1\x82{\xd5R\x82/\x84\xe4;\x07\x96-\xc5\xe9\x11\xeaH\x02\rd\xcb\x91c\xec\xd7\x8e\x12\x9a\xb4\x12\xc0\xe5Xu\xac$\xe2\n\xaf\x07\xc3D\xed\xbcM\xd5\xec*\xb7,\x9fD\xd4c|\x9b\\7\x01\xe1t\x05\xea+\x04H3b=\xab\x1c\xf5\x12J\xdb\xa2\xc8\xc67\xd1i\xde\x18\xc1\xa1\x06\x1bB\x95\x1ePnI\xe9\x15G\xbao\xa7l\x9a\x8f=pc\x1de\xb6U\xad\xc4\x84\xc2\xbe\x10\x905\x08\xd8\x08\xebZq\xceS\xe1\x1a}\x18\xf8\'\xc6\xe1\x93\x8ek[8u \xb6\x93&amp;\x00\xd5\xb5\xe0|[\xc4\x0b\xde\xb4\xe2\xc5(;\xbe\ns\xe3\x84]7\xcf\x83 \xf3E&amp;\r^d\x9c\x1c]1\xa14\x11\x1f@\xce\x8aC\xb1\xc0P1\xd4\xa8\x05\x02\x80\x1c\x05\x14\x03\x85&amp;;\x1e)\x0cp4\x00\xb2i\x0cPi\x00\xe0h\x03\xa8\x1a\x1c(\x19\xc0P\x03\xe9\x01\xc4R\x19\xc2\x95\x01\xdaE1\x89\xa0P\x16t\x0e\x94\x82\xcc\xf4\xd6\xe3\x9bLk\x8d\x85n)\xa95\xd1*#N\x14\x0ef\xa5\xbd\x85\x05?\x1cT\x00U\xd46Q\xe6:z\xd4\xa3+(\x9c\x1a\xe4\xae\xe3\xea\x8d\xa3W3\xfe;U\x85D\xd8\x0c"\x96\xa1*#\xbf~\xf5N\\\xaa\x11\xb2\xfcX\x1eIQ\xbc\xc2p\xf2\x1a\xd2\xe2\x9a\xd7\xaa%R\xad u\x8eu\xc4\xc9\xad\x9c\xee\xfa:x\xf4\xd0\x8f\x1eJY\xd6F\x9d%\xc0\xb4\xc1\x95))\x9e{o\xca(\xc3\x9d\xbf\x06\x94\x92U\xe0n[\xc1\xce\x04\xa1\xc6\xdc\'\xc4\xb9\x02\x04&amp;lE\xe4\xff\x00\xbe\xb5\xa3&amp;\xa2R\x8f\x0b\x92\xb8\xfa{\x9b}\x1a\xc5\x95aP\x96\xdcHSq\x08:\x95{\\\xd8\x8d\xa7\x9ds%\x89\xa9o\x9a\xbb/\x83\x86O\xe2\xe9\x970\x87\xc6\t\xd2J\x08&gt;U\x1dI\x17\xb9\x02:\xf5\'\x95[\x86\xe9.\xa9\xf6W\x97\xe3~\x7fF\x03\x88\xf0\xabs\x12\xadR\x00\'L\xf5\x9d\xab\xa3\xa7k\x92\xfc2J\n\x83\xb8,jB[a\xc0\xe0\x08\x89\t\x81d\xea$\xdfc\xe6\x93\xe9Z\xedU\x19\xe5\x8d\xdb\x94@|R\xd3\x0e\x8dL\x03(\x92N\x9d:\x87@$\x88\x00O\xb9\xa8Z\xba+\xcb\x8an;\xa5\xd9\x92\x0eT\xa8\xc9b\xa5t\xa8,]TPX\xe0\xba(,pU!\x8fJ\xa8\x01\xe1T\x87b\x85\xd2\x0b\x1e\x15@\xc7\x05TI!\x02\xe8\x18\xe0j &lt;P:\x16\x93\x18\xe0iX\xe8p\xa2\xc2\x85\xa2\xc8\xd1\xd1R\x19\xc2\x80\x16iPX\xba\xa8\xa1\xd8\x9a\xaa!fvkq\x8a\xc5\x9aT\x16t\xd2\xa1\x9ci\xd0\x06\xb8\x7f-+PR\x8a\xb4\xec@\x81\xa9\'\xbcy}Ee\xd4\xeb\x14\x15.\xcb0i\xbc\xb3\xd2\xc6V\xc3mx\xef\x88\x00M\xaf\x02G3\xed\\\xe8\xee\xc9\xcc\x9f\xf85\xa9S\xdb\x0e\xc1\x98\xae4Al%\xa4nN\x90H\x88O=G\xd8\xdb\xd0M]\xed\xa7\'\xb7\xa4IA+r2\x19^=\xff\x00\xc4\xeb+2\xb5\xa8\x13p\x16\r\x8f\xff\x00\x99\xb0\x1d$V\xd9\xe1\x8b\x8d$]\x1d\xbb\x0f\\\xc3\xe5\r\xb8\xca|%\x03\xa4\x94\xaat\xaa\xe90RH\xe6\x08\x8bV&lt;\x9aW\x18\xfc;\xfd\x9c\xf5\xa9j\x7f2w\xf8}\xb5\xb6\x12\xe1\x98\xb8;\x00{t\xa8-%G\xe4\xf9\x05\xab{\xee(\xa3\x96\xe5\x05\xa5\x82]B\x92\x93iU\x80\xbd\xa3\xdc\xd5Q\xc38\xb5mR\xfd\x97\xe4\xcf\xbe4\xa2\xc4\xcfr\x06\xdd\n\xd2\xb4\x82\xa17"5\r\xae6\xe9[.0v\x9a*\xc1\x96Q\xed3\t\x8e\xf1\xb0\xe9)_\x94\x12\x02g\xcc\x95\xaa\xf1\xa5\xce[\xfd\xebF&lt;\xaak\xb3\x7f\xc5\xbbF?\x1d\x8cBg\xc4[\x85\xe1\xf9\x0f\x916\x11\x17\xe5\xb5j\x8c[\xfe\xc7+Q,i\xb5&amp;\xdc\xbfC\xf0\x1a\x1eeR4\xbc\x92/0\x92\x9ed\x8e\xbbmP\x9cv3\x0c3l\xe2ER\x9aL\xdb\x1d\xb2V\x8e\x8aVKj\x12\x8b\r\xa8Z,6\x92 \xd2\r\xa4\x93@\xe8X\xa5`\xa2\xc4\xa2\xc7\xb5\x9cWH6\xb3\x92h\r\xac\x94RaL\x90R\xe0)\xa1f\x8e\x03\x91B\xe8\xa4\x16\xc7\xcd*\x1d\xb1\xc1TP\xd4\x98\xedT\x87\xb9\x894\n\xc5\xa0,\xea\x00Z\x06g\x00\xadfAh\n\x16)X\xe83\x92\xe5\x80\xa8\x15\x8f@v\xf7\xfd\xab\x16\xa7Q\xb5TMXt\xfeY\xab\xcc^^\x15(\x08H\xd4\xab\x89\x16\x81\\\xe8b\xf5\x1d\xcc\xd6\x9a\xe8\xaf\x9a\xf1b\x97\x87-\xbd\xa5ec\x94\r0v s\x915\xb2\x18\xa4\xe4\xab\xc0\xa1\x8d)Z(\xe4HKm\x87\n\x8e\xa5 !6\x04&amp;L\xda\xe3I1s{\x1a\xe8\xaa\xbb\x14\xe2\xdf\xc5\t\x89\xc3\xa9\xd7\xd6\xa2\x02K\xa6\xe0LX\\\x83sx\xbd)\xe4\xa5c\xc5\x1d\xb1\xa4h2\'\x95\x86\x942\xa5\x00\xbf\x8b\xd6w\x03\x95\xad=\xab\x9d\xa8\xcd$\xae%\xcf\x14\'N|\xd1\xa4[O\x14x\xaa\nP\x02nyu\x00\xee+\x1b\xc7\x95\xc7|\xb9D\x14\xf0\xef\xd9\x1aL\x1d\xf8\xa5\xa92\x10D^w\xac\x92[\xba6G\x1cc/\x93;\r\x8eX\x06@6;\xcc\xfd\xa9\xa6\xa3\xc0\xf2\xe1Wi\x82\x9d\xce\xd0_-&gt;\xde\x94\xc0\x8dWI\'b{V\xfcx\xaa;\xe2su\x1b\xb8"k\x87\xdayz\x1d\xc0\xa5!@\x94\xbc\xd7\xc3\xd4\x19\xfd\xfe\x95\xa6\x19rEq+F,\x98\xb1\xb5f+6\xcb\x1c\xc2b\x16\x90\xa2P\x0c\x95A\xf8bo[\xb1\xe5YcO\xb3\x16|--\xcb\xa1\xaf\xa04\x90\xaf\x8d*\xb8\x13\xb0\xb4\x8e\xa2\x94g\xbd\xb5\xe5\x15b\xdd[\x97\x82\x17\xd3\x06\xd7\x06\xe0\xf5I\x12\x0f\xd2\xa4\x97\xd9\xbe\x197F\xc8\xb5S\xa4N\xc7%}\xaa;Gc\xc2\xc5\x14;\x1c\\\x14\xa9\x85\x92\x07*-\x12\xb1\n\x85\x14\xc2\xc8\xf5\x0e\xb4\xa9\x92\xdc=\xb2(i\x85\xa2\xcaH\xa8\xd3\x0b\x1e\x93I\xa1\xd8\xea\x8d0\xb4(\x14r&gt;\x07\x08\xa5a\xc0\xe1N\xd8\xb8:\x8baBE\x16\xc5HZ,t\x8e\x8av*BR\x1e\xd0\x18Gz\xd4\xe4d\xdav\x8a7\x0e\x82\xf9\x16[\xadZ\x88\x90+\x1e\xab&gt;\xd5H\xd3\x87\x15\xf2\xcd\xb3Y\x02\x94R\xa0@N\x9d\xa2\xf3\xca\xf5\xcf\x8c\xae\x1f\xb3C\x9a\x8b\x0b#/%\xb2\x97\x86\xa1\x07I"\xe9&lt;\xa3\xb7j\xad\xceP\xfeAjO\xe3\xd9\xe78\xce\x18\xc5-j\xd2\x02\x80\xda\xfb\xf7\x8f\xb5u\xb0\xea1\xedK\xc9d\xbe&lt;\xd8\xec\x03\x18\x84\x00\x85\xb0\xb2o\x07J\x95\x1c\x8e\xd3\xedV\xfa\xb1\xff\x00\x8b$\xdaj\xdb\n3\x87pb\x88V\xb1\r\x08\n\x04\x01\xa8\xf7\xdfaz\xaf.U\xb4p\x8aql)\x8do\x10\x84\x15\xb2\x83\xaa&lt;\xa6-\xeb\xde\xb3\\\\\x93}\x14O,i\xa4\xc18n%\xc5\x84\xeay\xc5\x98V\x97P\xb2@\x83\x11\xa4m\xedVe\xc5\x1c\x97\x18\xbf\xec`\xc7\'\x07h3\x97\xe6\x08QYC\x84\xe8\x93\x00\xf4\x1b^\xb0z\x0e/\xe4o\xcd\xacsKg\xf9,ey\xb2\\)\xd6\xc9\xf3|%B\xc7\xdcG\xde\xa4\xf1\xed\x7fd}l\x89r\xc6\xe6\xf91\xc4\x9f\x80@\xd9B\x01\xfa\xf4\x15\x08\xea%\x8d\xd4M\xd0\x96\'\x05o\xb12\xfc\xb1l\xa4\xa4\xe2\x16\x07\xcb\xa4\xc8\x1dd_\x97JoU\x17\xd9D\xf4\xb1\x93\xb8",F\x14\xa0\x85\xa1\x1a\xcan\n\x84\xfdf\xc6h\xc3\x91\xee\xe1\x93xc\xb3d\xba1\xbc[\x8as\x14\xe0\xf0\xd9CA\xb1\x1e\x1a I\x1b\xaa\xd1;}\xab\xb9\x85\xc7\xb7\xdb&lt;\xfe\xa7\x1cp\xcfj\xe8\xa4\xc3\x89q\xa1xZ$\x14\x1e\x97&gt;Q\xda\xf6\xa2jQ\x97\xe8\xafO=\xb2\xa7\xe4\x88\xb7B\x91\xd1pG\x06\xe8l[E\xd3J\xc7\xb0j\x85\x16-\xa4\x89\xa0t8\xb4N\xc9\'\xd8\xd4w/\xb1\xeddJ\xc3\xc5\xcaH\xf64\xd4\xd3\xe9\x83\x83]\xa1[@\xa1\xb6F\x8b\x00T,c\x81\xa0V&lt;\x1a`- \x14QV;\x1c\r\x15A\xb9\x8b4\xa9\x05\xb3\xa6\x8aAlP\xaaT=\xc2\xea\xa5C\xdcv\xaa6\x86\xe38\rn\xa4d\'\xc25\xadiOS\x7fM\xcdW\x92J\x11l\x9c\x16\xe9Q\xe8\x19\x06\x146\x89Q\t\x1c\xc9 \x0f\xa9\xae\x1ef\xf2K\x83\xa3\x1a\x8a5\x99w\x10\xe0\x91\xe4\xf1\xc2\xd4y%+P\xf6 A\xab\xf1\xe2x\xa3l\xcd\x91Jo\x84E\xc4\xf9\xa2u%:\xe1* [\x99P?\xef\xde\xb3do&lt;\xf8\xe9\x1a\xf4\xd8\xb6F\xfc\x95\xdb\xcb\x12\xb0\x95\x87\x0biH\xf3&amp;d\xc8\xe5#\x95%(F\xf9\x14\xb2K\xf8\xd5\x9a \xc2|1\n:\x80\xb11\xb1\xe5W\xa9\xc7en0\xb7%;h\xc5\xf1\xf6#\xc1\xd0\x13:\xb4AWT\xce\xde\xb5tq\xa74h\xc1\x99\xb5$\x06V~\xeb\xa8l4\xee\x87[\xe4T\x12\x95\x8bZ\xf6\x9b}\xcd5\x8fl\x9e\xe5\xc1T6\xddH\xbc\xfbj\xc4\xa1!A(t\xa5@\x88I\xf3\xa7i\x1bi$\x08&gt;\xf5Zj\x13\xef\x82\xb9\xc3\xe8\xcb\xe5\x98|S%j\x08V\xf71c\xe9\xd6\xb4\xe5\x9e\x1c\xa9+E\xb0\xc4\xd2\r\xe5\xb8\xccK\x8aJT;\x82\xa1\x11&lt;\xc0\xe5Y2\xc6\tp\xcbV\x19&gt;\xcd\xc7\xe1\xe5\t\x17\x81\xf7\xefYg\x8d8\xa3^)(p\x86=\x87H\xfdw\xfdj\x86\xf1\xc6TX\xb2H\xcf\xb7\xc4\x8d\xa5KI\x93\xb8\x17\x00o\xdcV\xb8\xe1\x92\xe4\xdc\xf4r\x9aM\x1c\xae\x1dk\x10C\xe3\xcaH\x99I\xfdA\xab1\xea\'\x1b\x8b9z\xbd.9Kl\x97#8\xa3\x83\x98^\x1cb\xf0\xe8\xf0\xdeA!HHZ\x82\xd5knt\xec~\xb5\xd4\xc3\x99J\x1f\xa3\x83\xaa\xc2\xf1J\x8a\x19vS\x85y\x84\xbaO\x86\xa4\xf9\\A0u\x81\xd3\x94\xc8&gt;\xf5\x97+\x9c-#\xa3\xa5\x9c2\xa5e\xbc&amp;A\x87Q$\t\x91`\xa31Y\xfdy\xcf\x84\xe8\xdd-&lt;b;\xfd\x1a\x95l@\xedz\x9a\xc9\x91.\xc4\xe3\x8a\x80y\x86\x05\x96\x1c\xd0\xa8Y\x891`:\x0b\xefR\xc5\x92sVl\xc3\xa1\x8eH\xd96E\x97\xb0\xa5\x85:\x83\xe1\x90~\x19&amp;}(\x9eW\xd3b\xcd\xf8\xe4\xa3p\xec\xd2\x17\xd0\x11\xa1\x08\x00\x03\x00\xe9\x93\xe9\xf4\xaa\x92M\x14\xfa\x12\x8b\xe4\x16qM2\x7f\xab\x05\xb5N\xa0\xa1\xd7\x90\xa6\xb1\xbbN\x03\x9cw*)\xff\x00*ekJ[Lx\x86\x01T\x84\xca\xae\x00&gt;\x95/Vo\xc9T\xb0\xc5+f\xb1\x9e\x1fi)(q\x94\x8byy\xed\xcfUcY\x1b\xc8\xed\xd1R\xda\xe3\xc7 \x9c_\x0f0\t\x12\x04w\xbf\xb5h\x87\xae\xddE\xd97\x185m\x02p\xb9+kR\xc1p\xa4 \x13$F\xa8\xe4;\xd6\xe5\x19\xb5\xc9L\xb1UPg g\x02\x90R\xb4\xf8\xa4\x9bV9\xb7\xe6\xdf\xf6\x1b\x85\xaf\x8d\x15\x1e\xc8\xd8q\xc5\x14\x154\x92l\x95\x0b\xcf\xedU=VHG\xab\xa2K\x02d\xae\xf0Y\x89C\xc9\'\xa1\x10i\xc7\xf2\x1c\\\x91\tbW@\xff\x00\xf4\xb3\xf3\xb0\xf5\x9a\x92\xfc\x8e6\x85\xed\xd9C\x19\x95\xba\xd7\xc6\x85\x01\xd6-\xf5\xad\x18\xf3\xc2j\xd3 \xf1QSE]\xb8\x86\xd1B)nCP;\xc2\xa3r\x0fL\xce\x04\xd6\xeb1\x842\xa7\x02\tP\x82\xae_\xfb\xaa5\x11r\xa5\xe0\xbf\x0f\x1c\x97\x8a\xd4\xec\x17\x0c\xc4\xc4w\xebY\xe9cU\x02\xee\xf9\x08\xe5/xnB@\xe4f\xe4\x82&amp;\'\xde\xa8\xcbr\x8al\xb6\x06\xab\'u\xe5\x82\x02d\x94\xd9d\x03\x10o\x13\xe9\xf7\xac\xea\r^\xd5\xcb.\xc8\xe2\x97\xc9\x9a\\\x03.\x88K\x8d\xa5@\xeeSc\xfb\x1a#\x8d\xb7S\x89\x96r\x83W\x17\xc9i\xb7\x1a*-\x80AOkoN&gt;\x8b\x96\xc4\x8a&amp;\xa6\xa3\xb9\xb2\x0c\xf3%o\x10\x82\x95\x89\xe8F\xe2kV\xda*\x84\xdav\x8f:\xce\xb8 \xb4\x02\x82\xce\x92\xa8\x926\xe9?\x7f\xa5X\xf38\xabh\xdf\x05\rG\xf7\np\xab\xa3\x06\x95\xebIp\x91!\x7f\x17\xa2c\x95S,\xd1\xbb\xa0\x9e\x8d\xf0\x93\x00\xe2\xf3\x1cS\x8f\x97@RQ\xa8HH\x84\x81 \x13\x1c\xa8\xd9\x89\xc2\xa5Vu\xb0\xe2\xc7\x18\xed4\xcc\xe2\x91e*6\xdc\xd7!\xc2i\xd4J\xd6&amp;\xdd"\xa28\x81\xc7\\CHmw:@+\n\x12O[[\xd6\xb7d\xd3\xee\\H\xb9\xe8\x96(9\xc9\xa0\x9e+\x1e\xa6\x15\xa1\xc4\x14\xaa\x07B#\xd4\x1a\xc3=\x13R\xe5\x99 \x96Eqf}\xfc\xa9\xa7\\S\xaa*\x05FH\x16L\xf5\xae\x9e\x1c\xd2\x8cT~\x8d\x0b&lt;\xe1\xc4XS\x0e\xeaY@JU\x00Z\xe6ip\xdd\xb2\xa9n\x9b\xb6\x1e\xc98\x9d\xa6\x7f\xa0\xf2\x80\x90T\x14/ \x9f\x98E\xbd\xebn/\xe9\xc6\x9fG7Q\xa4\xc9\x9a[\xa0\x8c\xf7\x14\xbd\x81}\xd9H-\x9dR\xb7\x13`\xbb@\x909\xdbz\xaeY\x9b\xfe(\xbfK\xf8\xcc\xd1\x8e\xef\xbf\x054\xac\x05\xa1H^\x91\xb5\xc2\xaf\xd0\xfb\xd6\'_A\xefv7\x0c\xa9\x9a\xa76I\xb1\x9esi\xab\x9bT8IM6\x8c\x7f\x16\xe1Z\x05+"\n\x8d\xe0\x8b\xc1\xbcQ\x82m\xba\x89\xa7\xdc\xfa\x10|\xf3\xe0\\\x8b3e(-\xa1\'Q0\t$\xd8\xcc\x88\xda{\xf6\xa3*\x92\xb7\\\x98\x96\xaf6Ys#B\xcbm\x84\xa8\x95\xa5\x12\x912M\xa3\xa0\xda-\xbd8\xb4\xe2\xd2\xec\xd9\x9bQ\xe2@,\xd1\xa6\x9fh\x80\xa0\xa9\x1a\x93\x7f\xa1\xfb\x1aX\xf2\xcb\x1c\xb9D\xe1\x1d\xf1\xdd\x1eQk\x85r\xe4$6T\xe2\x96\x12\xb0\xa0\'\xca9\xc7\xadg\xcf\xabq\xc9\xbbo\x02\xcb\x8e[\x1aF\xbf&lt;\xe3\x0c\x13cB\x9c\x1a\x89\x03\xca5\x14\xcd\xbc\xdc\x85np\x8eXZG\x9e\xf5})\xf2\xccg\x12`\xbf\x08&lt;R\xea\x1cB\xcc\xa4L8}\x071\xde\x8c\r\xedJ=\x1d\xdc9c\x9b\x8a\xa7\xfe\x8c\xab\xb9\x92\xdc\xd4\x10\xda\x94OBLO;\n\xd4\xda_\xc9\x96\xe5\xc4\xa3\x1e\xf9+\xe0\xf1JmA.$\x88\xb1\xe4\x7f\xf7\xde\xab\x9c\x14\x95\xc4\xe4K\x16L\x12=g\x84p,:\xc9u\x0b.*G\xc7\xf1$\x81\xb1&lt;\xea\xa9\xc63\x8f\x1d\x84\xb5\x13\xdc\xaf\xa2\x02\xe1S\xae\x17c\x0e\x84\x8b\x12O\x98\xcf.\xa2\xb1\xbc.~h\xe9\xc9\xc2\x18\x96\xdf\x93e\'\xd6\xd8\x957\x89$\xff\x00iU\xcf\xa1\x11U=,\xfbi1FI\xaaj\x88Z\xc4\xbf\xcd\xc2\xa4\xf4ZD}\xaa\x89B\x1dU\x7fb^\x9cF\x8c++&gt;|8$\xf3A\x8f\xb1\x8a\x9c}j\xf8\xcb\xfe\xc8J\x11\xb0v+#\x12|5\xc7D\xac\x14\x93\xd8\x1d\xabD3\xcd/\xea"\xa9b\xae\x8a\x7f\xc9\xde\xfc\xa6\xac\xf78\xfe\xc8zr\xfa0\x93]\xd3\x8e;\x0c\xbd\x04\x9d\xe6\xa35\xb9\x13\x8c\xda\r\xe0\xb1h)\x89\x85V)\xe2h\xbe9-\x97e! \xa4\x1b\x93&lt;\xfaUR\x83}\x97\xc7*L;\xc29\x83\xcc\xadf\td\x8b\x1b@P\x8f\xa4\xc8\xa9\xc7l\x7f\xb8\xb2\xc9\xe4]\x1e\x8b\x81\xc7\xa5W6W\xdc\x1fJ\x13\xe7\x93\x1c\x95\x16\xd4\x00\x83\x1b\xf3\xa8\xca\x1eD\x9d\xa2$\xacL}\xaa*4\xc7\'d\xcaB\x16\nT\x01\x04A\x07j\xb6\x93T\xc8Fr\x83\xb8\x98\xcc\xeb\x87\x9dd\xa9L\xf9\x9b\x9f\x87\xe6\x03\xd3\x98\xac\x93\xd3\xb8\xf2\xba;\x9a}|2%\x1c\x9d\x80\x99\xd6\x0f\xfc\xb5\x02mnsm\xab3\xb6\xf8f\xef\xe9\xfd\x89\x89\xcbJ\xad\xe1\xac\x1eV6\xefz\x9c7\xc5\x97c\xcf\x18\xf2\xa4\x89Y\xca_n\x16R\xe1\x13\xbe\x91\xbfx\xb8\xa9MI\xab\xaa$\xf5xg\xf0\xb4.`\x97\x12\x82\xe2\xd0\xbd"%D\x18\xbd\xaej\xacx\xa4\xd9E\xe1\xe94P\xf1\x9c\x8eH\x04M\xc8\x93\xf5\xe7c\xca\xb7\xc3N\xfb+r\x82\x19\x8c\xc5\xa1\x94\x17\t\xd4\xab\x00&amp;n\x7f\xba\xdfaW\xc3\x04W%R\xcb)=\xa8\x19\x81\x0e\xa9JtJ\xca\xfe+\x1bGN\xdf\xb5W\x9b$\x7f\x8b:X\xf1\xc6\x1eM\xae\x1b&amp;*J\x92XK\xa7L\xa5IH7\xb4$\x93\xb7)\xf7\xac\xf0\xdd\xba\x91\xcc\xc9\x9eP\x95\xefi\rqc\xc7CJ\xd0\xd2\xd3\tu\xb4\xec\x93r\x16\xde\xab\xad$\x14\xd8LR\xcd\xa5S\xe5*\x05\x08\xfar\x9a\xe5&gt;S\xff\x00\xe3,f\xef2\xda\x90\x12\xf0V\xa3\xe6\x8b\x00\x00\xe66\xedT&lt;\x0e\x1f\xf2\xb3\x02R_$\xa9\x94\xf3\x1c\x1e\x15\xe9+\x04\xaa&lt;\xa1$\x89\x8d\xc0\x83n\xb5n,\x8e\x1f\xc5\x14\xcft\xdd\xb2l6\x1f\t\x87L!\xa8\x98\'Y\x9bn.N\xf4\xf2\xe4\x94\x97(\x9e-&lt;\x9b\xe0\x15\xc4y\xa2R\x98K`\x07\x02\x88 |QbA\xf9\xa2\xd4a\x84\xf24\xdf\t\x17e\xf40E\xb7\xd9\x8a\x850\x82\x99%\xc4\xea"&amp;/\x1b\x1ev\x9a\xeaq\x92W\xe0\xe3\xe1\xd5e\xd3\xb6\xd2\xef\xef\xa0\xf6C\x9c\xa5\xa65-\xbf1\nJf\xe0\xc8\xb1\xdeg\xbdf\xcf\xa7\xb9q\\\x13\xd2\xeb\'\x05(6\xf9\x04f\x00\xb7\x1e#^E\xa6\xcb\x03pw;\xf6\x9a\xb3\x14\x94\xb8\x84\xb9E\x12\xc7&gt;\xda\t\xf0\xfeR1\x0c\xeb@:\xd0\xa2\x90V\xaf)\xd8\xfc Z&amp;g\x995\x9fU\xa9\x8e)m\x97\x9f\xa3\xb3\xf8\x9c\xf2\x87\xf2\xfe&amp;\x89\xb6\xdda\x01\x07M\xeeT9\x9d\xff\x00j\xe6NX\xf2\xcbrl\xea\xceq\xcd\'$;\x13\x85B\xd2\x12R\x16|\xaa$\x18\xf6\x98\x9bMk\xc4\xd48\xb3$\xd6\xf5\xc9\x7f\x05\x82J|\xad\x82\x99\xb9F\xb0L\xed \xc01P\x9a\xdc\xee\xc8\xc5(.Be\x08\xd29\xfd\xfbI\xfaT\xe35\xd0\xb9}\x03\xd9\xc6\xa5\x0f)\x08\x88\t\xd4Wa\'a\x1d\xa8\xc9\x92\xb9]\x13Pr\x8am\x15\x91\x8b\xd4\xbb\x88\x13r~\x11\xeaj\xb8J\xfbE\xb2\x85G\x82\xe3.\x85\xc3m\xc9\xd7\xb0\x04\xee7\xb6\xc0\xdb\x9dG}\xbaK\xfd\x91q\xd9\xf2\x97\x80\xd3Yx\xd2\x12\xec!q\xf3$\x90\xab\xef&lt;\xaa\xfb]5\xb5\xfe\xcc\xaf+\xbb\x8f(\xa6\xac\xb9\xb9&gt;A\xed1UT\x0b\xd4\xe5\xf6x`Mw\xce-!\xc1"\x95\xb1\xedB@\x14\xf9\x13\xaf\xb2Db\xd4\x9b\x05\x11\xd8m\xefI\xc2\xfc\x0br]3E\x90\xe6E,&lt;\xe0\x8f\x11\xa56\xb8\xe4PV\x12`u\x92\x0f\xb5g\x9e\x0f\x97\x05\xd0\xcfq\xfd\x1a&lt;\xaf;/\xa4\xad$\xeaBd\xfeeA\xe7\xde\xa9\x9c\x1a\xef\xb16\x98D\xf1\x1e\x90\x92d\xdaoU\xf2\xc6\xa2\x85o\x8a\x133;\x9f\xa5\r0\xa2\xeb|J\x8eF\x7f\xde\xf5\x05*\x07\x8cLo\x10\xc4\x02w\xe7\xda\x9c\xa4\xc5\x18\xa4\rO\x13\x06\xd7\xa8$\x14\x81\xefI|Z\xa2\xc7s\xe1\xb1\xb9\xaf\x10\x1cA\x1a\\\x83\xc9\x02u\x01\xfa\x9a\xa6O,\xa5r\\\x1a\xb1c\x864h\xb8;ZPV\xb5*W}\'\x90\xe5\xbd_\x82-\x19\xb5Y#\'\xf1A\xc6\xf3\x16\x9e\xd4\xd9\x00\x83!I GK\x8a\xd5\x19)pe\xb7\x1f\x92\x04=\xc18@\xa2\xad+\xd2\xaf\x95+0\x0fnc\xd2i\xb8\xa8ri\x8e\xb7+\x8d\x18\x1e$\xc24\x87\xbc-*\xd2\x15\xb2\x89\x9bL\x19\x15\x929\xb2\xfc\xac\xe8c\x9b\xad\xc1n\x1fu)\x01\t\xb2G*\xe5j\xf77\xb9\xf6Z\xe6\xe4\xed\x9a\xd7\x11\xe1\x90Q\xf0\xe8\x07\xca\x08\x02\xd4j!\x92587\xd7\x83$&amp;\xa6\x9a\x97vd8\xcf#[\xc4\xe2[%K\x80\x16\x9b|)\x11\xa9=M\x85\xabF\x93\xf2*_\x0c\x9d\xfd\x9d=\x06e\x8e\xb1\xbe\x8b\xa3\x86\x9a\x18f\x9ex\xb8\xa2\xa4\xa2B@\x1aJ\x92\'Q;\x01[=4\xbeW\xd9\x93&amp;\xa1\xcf4\xa1\x14\xb83\xae\xb0S*l@$\x84\xcd\xad\xdc\xed\xb5K\xd2\xbe\xd9g\x0b\xc1\xd8f\x92@\xf1\\\x13&amp;\xca&gt;S\x1c\xa4\x91\x1c\xefj\xd1\x14\xa0\x97\x059\xf2mV\x0f\xc1\xe4k\xc6(\xf8n\xabSiZ\x92\x0e\xc1"\xe4\t7\xb5\x11\xc8\xefj\x8f\x073$\xe3))H\xb3\x95a^H\xf0\xf1\x18u)\x95X\xea\x94\x88\x8d\xdbW#\xb4EU\x91\xa8=\xe9\x9e\x83,4\xfa\xcc\n/\xf9.\x8d\n2\xcf\xe5\xe9\x0e\xa5\x84-\xa5\x99\nZ\x82\x94\x90D\x80A\x8f\xd2\xab\xc9\xbaMN_\xe0\xc5\xa3\xd1i\xe6\x9e$\xde\xef!L7\x19\xe0_Am\xf6\x92\x88\x16\x94jA\xe9\x00\x0b\x1a\xba&lt;\xaeU\x11\xcf\xf8\x8c\xf0\x7f\x07`,\xa3\x14\xb5\x05\xe9\x8d%j\x82\x906\x00BR\x91aj\xc1\xa8\xc4\xa74\xe5\xf4U8\xbc\x1f\x0f%L6v\xd3\x8e\x96VU\xabV\x94\xea\xdc*`\x83\xd2\xa6\xf4n\x11\xdd\x10\x8b\xc9\x1f\x90C\xc3(1\xed5J\xe7\x86j\x86M\xea\xcb\xec\xb0\x14\x00 \x85\xc8\xf3\xcf\xcb\xcd&amp;&gt;\xc6\x87\xb7\xa9v\rJ\xedu\xf4\\\xc5`CA:\x1c\xd4\x08\xbd\xc5\xa3k{\xd5y\xa1\xb2\xa5\x17\xd9&lt;\x19\x1c\xedMU\x15\x91\xe1|%\x94j;\xaf\x9coN9b\xe3\xb5\xa0\x94$\xa5\xb9K\xfc\n\xfe1\xbc8\xf14\x8d)\xe4@\xbd\xb6\x8a\xb7\x1b\xb9\xad\xa8\xab4\xab\x1brgax\xd3\x0c\xa4\x85,\x84\x1d!Z\x12\x82Bf\xdb\x81\xbf\xadjxd\xdd\xd7G9j`\x97e\x1c\xcf\x8e\x9bD\x7fI\xc5\x931\xa9I\x1f]\xe2\xa4\xb4\x8eN\xdb"\xb5\xb1\xea1)\xff\x00\xfd\x10s\xc2\xaey\xf9\xd3\xbf\xb8\x07\xebS\xf6_\xb2\xcfs?\xfdO+\xf1\ru\xa9\x1c\xcd\xecB\xbe\xf4PngM\r\x0b\xb2f\xda&lt;\xea\x0eD\xa3\x02\xfe^\xbd%I\xe4\xb6\xd4\x83\xeaD\xa7\xfe\xe4\xa2\xa2\xdd\x96$\x90\xec\xaf1^\x1d\xc4\xba\xd9\xbaN\xc6\xe9P\xe6\x95\x0e`\x8bTZLh\xf5\xcc;xLf\x11\x0e\xa7\xc8\x95\x9d&amp;\xe0\x16\xdd;\t\xf5\xb4s\xd4\rT\xf1\xa7\xc8\xf7\xb4\xcf&lt;\xe2P\xbc\x1e!M\x1f2JR\xa160d\x1d\xba\x10\xa1\xedB\xc4\x9a\xe0\x9a\xc8;,J\x9e  \xee9\x9e\x9c\xab&lt;\xe1L\xb1J\xcb8\xc6\xdc\x07\xc3X!I\xb4\x1f\xf1P\xda\xc3q\x16h\xc2\xdag\xc5)\xf8V\x12RyH\x90O\xde\xa7\x0c{\x9f"\xdd\xcd\x16\xb0\x1c`K^\x10JRl$\x00\x14GI\x15)c\x94U!\xd7!\xdc\x17\x12\x14\x9d\x0b\'P0A\xb2\x93\xea\rR\xed\x11\xe1\xf4;\x0b\x8fZ\x16\xb5\xfei\x8e\x86\xa1\x194\xc1\xa5A|?\x1b\xb0\x86\x82\x94\xea6\xbc\xab\xe6\x1c\x85\xaej\xf5\x16\xdf\t\x95\xca\xbc\x9e{\xc4\\V\xde)\xd2\xb0\x8b\xc8\tT\x91\xe5\x07\xa4s\x9ew\xab^\x07\xe41\xea\xa5\x07Iph\xf8{/B\xd0\x1c\xfcBB\x8f\xca\x01\xb7\xa9\x91X2a\x8c\x956o\xf7O\xe8\xd1b\xf1\xea\xc1\x84:\xe6\'Z\x08 \xb5\xa4M\x85\xbc5\x02\x08\xbe\xf3;\xd6\x88bJ\t\x19\xe1\t\xe5\xc9q2\x8cq\xd2\x92\xe7\xf4\xd9\x05 \xd8,\x92m\xb4\xc5d\x87\xe3!\x19)\xbe\x7fGe\xe1\x8c\xa3\xb5\xca\x82\xce\xff\x00\x10\x86%\x85\xb6\x19\x08x\xd9)\xd5(U\xefx\x10w\xb7&gt;\xb5\xb7,mS\xe8\xa7\x0e\x81c\xc8\xa4\xe5q\xfb\xf2\'\x0ceX\x97\xccb0\xa8\r\x88\x95,\x16\xd7\xda\x00\xb9\xf7\x15\x05\x1d\xbd\x16\xebr\xe0\xc6\xbf\xa7.\x7f\xed\x0fw*\xc0\xa9\xf5 \x88\x081\xe7\xf3\t\xdfq\xcb\xd6\xab\x96Yn\xa4\xe8\xe7K+\x92\xe4\xbd\xfe\x9eC*\x0ba3\x1f\x90\x99 \xd8\xd9&amp;\xa9\x9c\xb2\xc6W\x1eJ\xee2\x8d4h\x03h\x0c\x84\xa9\x05\x02&lt;\xc9Q&amp;\x13\xd2O*\xb7&amp;O\x8f\xcd\x0b\x1bj\\0~t\xcf\xe2\xda\xf0\x9be*M\xb4\xa9KRS"\xc3\xe1\xb8\xf7\xa2\x19\xe1&gt;\x17\x83n\x99\xfb|\x9b\xe6\xeb\xfb\x010_\xc3\xd6\xd6\xd1\x0e\xeai\xceJJ\xb5\'~\x87\xf7\xab\xa3\'\xff\x00#N\xa3\xf2\x8dO\xfaN\xd7\xfb$\xc0\xf03\xd8t\x94\xb7\x8aB\x90I$-\xb3\xcf}\x89\xa5\x92\x11\xc9\xf29Yu\x1b\xe5m\x19\x91\x97\xb6\x1f\x86\xd4\xc9PW\xc6\x84(\xdfk\x0f\xda\xaa\x9c\xda\x8dJL~\xb4\x9a\xa3\xd0\xf0y#*e7\xd4\xad\xfcAbI\xff\x00{TV\x08J&lt;\x7f\xd9\x1cz\x99\xe3w\xe3\xe8\x1f\x8b\xc0\xb8\xd4\xfc\xc3\xb6\xff\x00J\xc7\x97\x0c\xe0\xf9:\xd8u8\xf2\xd2\xe9\x902\x14\xa11c\xb4\xf3\xac\x8en%\xd3\xdb\x17\xcb(\xe6\x0c?&gt;E!\t\x00\x95(\xc9U\x87$\xe96\xad\x1a|\x98\xaf\xe4\x9b\x7fF\rL\xf25\xfd7H\xc2\xe6\xd8\xb7\xddV\x90\xe6\xa4\x88$\x85@\x06\xe2S\xabk\x7f\x9a\xee\xe2\xf4\xe1\xcdQ\xc8\x9a\xcd5RvT\xc2\xe01!#Kd\x81u\x14\xa9*\xf2\x9eD\x7f\xe6\xads\xc4\xf9\xb2\x89c\x97TYo/\xc4"V\xb6\x1eB?2\xa5(\xbfMF=\xafD\xa4\xb6\xfcG\x8b\x06I\xcbl\x17"xk7\xd6/\x7f\x9b\xf7\xaa\xf7\x9d/\xfc^\xb0\xcbV\xf6r\x87%\x13J\xc6\x95\x96\x1bl\x0fZ\x83\x95\x96\xa8\xd0\xfb\xd4IP\xf4\x02!Q`w\xe5"\xf1Kr\xe8t\xfb\x11\xd8\xd4ci1\xe9\xca\x90P_\x87\xb3=)w\x0c\xb5C8\x84\xe9&amp;H\xd0\xe0\xbbnz\x05\x04\xcfoJk\xb0\xa0\xcep\x95\xe30^*\xc7\xfcN\t^\x1b\xe3\x99l\xfc\xfd\xee/\xe8\xae\xb4\xc5\xe4\x01\xc3Y\x90c\x10\x9f\x10\x7fMD\x05u\x1f\xdc=?J\xaf&amp;58\x93\x8b\xa3S\xfcT\xcbJ?\x0f\x89A\x94\x91\xa3P\xeb\xf1\xa0\xfb\xa4(\x7f\xd1O\x1cV\xda\x04\xf9\x17"\xc7\x8cf\x11\xd6W\xf1\x84iT\xf3H2\x95\x8e\xe91P\x7f\x16\'\xf6\x8c[\xf854\xb5!Q\xa9&amp;\t\x06\xd3\xd4\x1a\x9b\x91bf\xb3\x87\xb3\x8c:\xdc\xf11\r%n\x04\xa5\x05F\xe1a"\x01P\xda`\x01=\xab&gt;W.\x17\x82\x1c\'i\x9a\xa6\xf3\x1c\xa1B\x14\xeaY\x8eZ\xd5\xa7\xb8\x83?jQ\xc4\xa5\xe0\x83\xcb\\Y\x99g#\xc1\xe6\x18\xa53\x86ml\xa1M\x15\x87\t%+RL$\xf8j&gt;_b\r\xf6\xad\x11\xc9\xb1QSjL\x05\x9b\xf0\xfb\x98@XXB|\xc5D\xdfR\xe2B`\xc7\xc3\x13\x00s&amp;{G\xdc\xee\x95Q\xaa\x18\x94U\x8308\xc7\x18P)&amp;?,\xdb\xff\x00\x14\xe7\x18\xe4\\\xf6\x06\x9b\x1d\x9b\xfe+B\xf6\x84\x84\x80`\x89\xbc\xdb\xe9U\xc6.=\x9b\xf4\xed(\x14ZiBDA\x8d\xf6\xdad\xfaU\x85\xceVRBKn\x12 \xdc\xee,EFiMQv&lt;\x86\xdf,\xe3e\xb7\x82Sw^$(!\xa8\xe6\x95M\xc8\x8f\x96\x0f\xfd\xb5\x9f\xd3W\xdf\x06\r|\x14%p\xf27#\xe2\xd4\xb2\xd3l\xe3p\xab\xd4\x14@p%*\x1an|\xc0\x99\x91\xdajN\x11\x9f\xf0h\xe7G#\x87\xf25\xb8V\xdb\x0bJ\x99BP$\xaaAP\x90\xa1\xd3\xbd\x8cVJ\xb9[\xe2\x8d\x96\xb6\xff\x00s?\xc4|B\xfb\x84\xa1\x8dE \xc5\x88\xd4\xb3\xcc\xcf\xe5\x11\xb0\xa9|f\xf9 \x96\xd2N\x06y\xf7\x1c*\xf3\x00\x89\xd4$\xdf\x90\x10y\xfe\xd4\xb1\xe1\xdb;\x8fA9\xf1\xc8w?\xe2\'0\xc1S\x85R\x800U0\xdcz\x8d\xaa\xff\x00\xe4\xe9\x93\xc5\x87w\x903\\x\xd1az\xdb!E*\xd3\xa5IRI \x81rA\xe9K\x1e$\x99t\xb4\xb3f\x0b-G\x86\xb8.\xfc@\x1bHRO"\x0f#R\xcc\xd3\x8d\xa4gq\xf4\xe5L\xf5.\r\xc5\xff\x00L\x1585\x15\x10\x01ReQ\x17\x8d\xfe\xd5N\x1a\x82\xbf\xb6C%I\xd2\x0fb\xb1InJ\x84\x93p\x00\x95\x1f@*R\xc9O\x92X\xf1J\\G\x83\xcfx\x87&gt;t9\xad\x0c\x94 \x11\xf1\xa4\xc9=\xe7oj\xcb\xed\xa1\x91\xb6\xef\x93\xbd\x83M\x8dF\xa7$\xdf\xe8$\xbe#A\xc2\x80\x84\xebR\xc9I@Zu\t\x17\x80/VC\x12\xc3\r\xa8\xe5j0\xbfS\x87\xc1\xe5\xcf\x05\xa7ZJT\x9b\xcc(A\x89\xe8w\xde\xba\x0bk\xa6\x9d\x95\xcb\x1c\xa2\xac\xb5\x92-#Z\xd70\x90 \x03\x12MU\xa9O\x88\xc7\xc9\xa7I\xa6y\x1d\xcb\xa2\xc3\xee-\xe82\xa5\x04\x0b$\x92BG\xf6\x8f\xd6\xa2\xa5\xb1S;\xf1\xd3C\x12\xb8\x04\x90[\x81\xff\x00\x0cM\xb7\x83R\xf5 S\xf3\xff\x00\xd8\xf3\xe4\x93\xb5u\x19\xe2\x12\xb0\xa39s\x9f\x94\x82z\xdb\xf5\xac\x92\xcd\x1f\xb3\\p\xb4\x89\x8eV\xef\xe45\x0f^\x1fd\xbd\x16F\xde\x1c\xeb\xd3\x07W!\xdf\xbdI\xcf\x8b\xf08\xe3\xe4\xd3\xe5\xb9P)(|\x12\x15y\x06\x0c\xf2 \xd6\x1f[\xfa\x97\x13L\xd2p\xa3=\x8d\xc0\x148\xa4\x8f2A\x81\xc8\xc7~\xf5\xb5e\x8bD\xb1\xe9c(\xf2D\xd6\x0c\x91#\xe8zP\xf2$\xe8S\xd0\xc9tkxW\x1e\x12\xfbN\x12\x14\xa5\x7f\xc3\xbe\x8d\xfcVT\x00J\xefb\xa4\xd8\x19\xdf@\xefSR3\xcfM\x92+\x94\x06\xe2\\\x842\xf2\xc3\x7f\xd4l\x1f!I\x93\xa4\xec\x08\xdeF\xde\xd4\xf7S*\xd9:\xe8\xd5\xf0\xcaU\x98e\xee`\\\x94\xb8\xd8\x05\x95(\x11\xb1\x94\x89&lt;\xb7O\xa1\xa8o\x8c]X\x9ce\xdd\x18\xec\x0b\x8e`\xb12\xa4\xc2\xdbQJ\x90m#b:w\xfaT\x9f$e.8"\xccq\tyJX\x1a\t$\xc1\xe9\xbcT9L\xe9c\xd09b\xdd|\x99\xb4:\xb4\xa8\xef\xbdmqM\x1cyc\x95\xbe\x03\xf8\x1cSe\x1a\x8a$\xa4|12I\xbc\xf4\xb5ex\xde\xea\xb2\x99FH\xbd\xc2\xb9\xe3\xacbP\x1a \x02\xad)\xd6&lt;\xbaV\xab\x03\x1fKQ\x92\x0b\xb4\x11n\xf8=P\xe3\x93\x8fI\x0ea\xd1-\x08q\x0e\x00Ip\xf3B\xf9$\x012 \x99\x1d+\x14\xe6\xd71\xec\xe9F\x0e0N^H\xf2\xee\x13\xc04\x92\xb50\x98 \xc9qEi\x03\x9c\x05\x18\x00T\x96I4F\x9b\xe8\x05\x9a\xbf\x92\xb6\xb2R\x85\xdc_\xc1\x03D\xed`\xab{\x8bT\xeam\x9aq\xe0\xc8\xd5\xf0\x8aa\xdc\xaeR\xb1\x88t\x84\xdf\xc3u*\x92H\xb0\nH\xfbP\xd4\xfaE\x8b\x1e\xa3\xf4Y\xcf\xb8\x97.w\x0f\xa3F\xa7\x12&lt;\x9aPQ\xa4\x9f\xee1\x15Tp\xe4\xedp\xc9CO\x99&gt;\xc1\xcc4\xdb\xad\xb6X!\x00|k\xe6\x92\x06\xc7\x9c~\xf5[\xdd\x19T\xca3FQ\x97\xc8\xbe\xac\x13\xab\xc3\x00\xb4\xf8\xa9Y\xd2\x0c\xca\xa6\xe3aq\xb5\xaa\x1e\x9c\xa2\xd6E\xf6g\x9bM4\xca\xdc9\x8by\xb5\x86\x16\x84\x96\x82`\xa9F\xc17\x80I\xde\x04\x0bU\xf2x\x9f\xca\xc7\xa7\x8eL\x90\xa4\x8d\xb3\x19#%!A\x00s\x8dK\x03y\xb4\x99\x15MQc\xbe\x98\x98\xc0\xac\x12u\xe1\x98\xf15(\x17\x06\xa5\x15\x01\xcc\x89\xde\xd5l]2\xfd&gt;\x1cy\x9bY%_A\xcc.1\xb7A\x116\xd9B\xc7\xf7\x14\xe0\xe3.\x8c\xf3\xc7,}\x943&amp;\xd8m\nR\xdbHL\xc9\x84\x05\x1bo\xb0\x9a\xad\xc5\xc8\x92\x9b^O\x1a\xe2lkJ\xc48\xb6\xc4!J\x94\xf2\x81\xe9\xca\xb4\xe2\x83\xaa!.\xf9\x08p\xda\xcb\x86B\xc0\x8eg\xfcV-bX\xfc\x17\xe1\xc5\xb8\xd6gy\xb2\x98\xc3ki\xd5\x97J\x92\tQ\n\x00\\\x92\x99\xf4\x8b\xf5\xaa\xf4\x99#7\\\xd9\xaf\x06\x9dz\x95\x91|L\xf39\xdb\xae\xa1~+\x85\xc0A\xd4\t\x06\xc6\xd2\x01\xb0\xdf\x97\xefZ\x9e\xf5.\r\xb9pa\xaf\x8a\xa2f\x13\x84m\x01b\x10b\xc4(\xc9\xff\x00\xa7\x9db\x93\xd4M\xb8\xbeQL!7\xf1\\\xa0\xa1\xc5\xa1\xe4\x00\xb4x\x89#\x9ad}y\x1a\xca\xa1&lt;R\xb8\xba\xff\x00#\x96\x1a{db\xf2\xd6\x12\xb5\xb8\xd4F\xa9\t\xed\x04\xc7\xf8\xae\xd6Y\xb8\xc5H\xe8a\x8aP\x0eeYB\xdbT\xac\xa51\xb0\x04\x19\xf7\xe7Y3\xe6\x8c\xd5DR\xd4-\xb4\x83A_\xde&gt;\x95\x8bs\xfb1\xb6\x8f.\xe1\xe6B\x9fL\xfc\xb2\xafq\xb7\xdc\x8a\xf4\xda\xb9\xed\xc4\xe8\xf3Zh\xa7\x93\x93j\x9a\xe13\xaaqM\xa3oJ\x13\xe6\xc2\xb82\xf9[\xa5\x0e\xe8\xf9\x90\xa3~\xb5\xd5\xcd\x15(n\xf0\xcc\xd8\x9f\xca\x99\xe9\xf8\x06\x12\xf2\x12\x1c\x10ld\x0f\xd6\xb9P\x93\xe8\xb3$v\xbbF[\x89\xf8m\xc6\x9d+L\x96\xce\xdc\xfdEn\x8c\xd4U2xr&amp;d\xf1\x0c:\x92a+\xef\x00\x9a\xd5\tBK\xb4isi\x15\x91\xael\x95\x03\xe8fj\xda@\xb3\xa7\xc34\x19F\r\xf0d\xa8\xa7c\x04L\xf6 \xedXr\xe7\x82|\x1av\xad\xbc\x9a6\x8b\x81\x1aR\xa2/&amp;,L\x8e\xbc\xbd\xab\x1b{\xdd\xb5\xc9\x9apL\x8caQ$\xackQ\xdc\x9b\x92{\x93sVo\x91\x05\x8a+\xa4\x0f\xcc\xb2\x048\xa2\xb2\xa2\xd9?-\xbat\xe5W\xc7R\xe3\xc3E\xaa\xea\x91[\r\x951\x86\xf3,)\xd5\x11\xb7*\x93\xd4K\'\x1d\x19\xe6\x965ua\xec&gt;\r\xa5$(5\xa6F\xc4\t\xac\xf9%/\xb2X\xd4f\xad\xa2W\xf2\xb6W\x1a\x90$X[\x94\xf3\xac\xf2\xd5N&gt;BZ\x1cy?D8\xfc\x87Se,\xcbj\x91\xb2\xd7\x04L\xe9U\xf6\xe9V\xe1\xd5\xb6\xf9E\x19\xb43\xdbQ\x90K/\xc8\x9eZ\x03O\x95&lt;\xd2L\r$\x90\x079L\xc9&gt;\xb5&lt;\xd3\x9bk\xd3|y\xa2\xac)\xe3\x8b\xdf\xd8\'\x8c0\x186\xc6\xa6]\xd2\xb1e!\xce`lS\xcc\x11\xd0\xd6\x8d&gt;[\xe1[\xaf\xb2o&gt;\xcf\xe7\xfe\x8c\xae\x19\x1a\xcd\x85\x87k\x13\xcf~UvL\xbbJ\xe1\xa9r|t+\xd80\xb3h\x99\x80\r\xbe\x86\xabY\x9a\xec\xe9c\xd4a\x946\xc9\x17\xd7\xc2\xd8\x96[\xf1R\xadi\xf9\x90\x99\xf5\x9e\xf1UG[\x8f,\xb6\xd5~\xcc9\xe3&amp;\x1f\xe1\\K\xa1\x95\xb8g\xc3M\xe7\xfb\x93x\xa555\xc2\xe8\xca\x92\xf2B\xc2\x1dS\xcd\xb8\xa6\xd4\xa6\x95\xe7U\xb6\xdc\x91=;\xd5j\x11\xff\x00\'kO\xa8\xc7\xe8lJ\x9fA\x04\xf1\x93\xe4\xc9e\x01=T\xa3\xb59\xd3\xe9\x84\xf4x#\x1d\xcen\xcb\xaa\xfe!5\x01)@Q\x1b\x9f\x84{s\xa9\xb8\xba\\\x1c\x96\xe3\xb9\xd3,\xa3\x88\x99u\x04y\x9b:~$\x1f0\xff\x00\xabz\xaf}R\xaa,\xc5)9[\xe7\xfb\x98\\\xc3\x89\x1aC\xe5+u\xccB\'\xcb2\x98\x07}@nkC\xd3d\x94~\x0e\x8b\xb3~K\x0cc\xb61W\xe4\xa9\x99q\x06\r\xc1\xff\x00\xc5E\x85\xa2\xdfP7\xf7\xa5\x8bK\xa8\x8b\xb73\x04\xb5\xd1\x7f\xf1+\xe5\xeaH:\xcc\x00E\x82I\x1e\xd1Z2E5\xc9=6\xb6\x9d0\xe8\xcc\xa0h\xdaD\xc1\xd8\xfa\x93\xbdf\x8cR\xe5#w\xab_\xfe\x9d\x92\xff\x00&lt;\xc2a\xdb\x81:\x96\x93d\xd8\xdc^\xf5\x9b\xd0\xd5d\x9e\xeb\xa4C&amp;\xb7\x1aF=\x18\xe4\xa5\x7f\t \xecI\xbdt\xde\x16\xe3\xd9_\xfec"\xfe\n\x8fE\xc81\x1e3&gt;\x1bQ\xac\x0f\x84\x11\xcf\x9d\xeb\x85\x97K\x91\xe5\xba\xb4[\x87\\\xb2=\xd9]09\xc9\xc3\x0f\xa4-J\xf1\x15\'@\x12O\x7fJ\xd9)d\x94\x1a\xdb\xd1\xd5_\x90\xc7\x15K\xc8o\x0f\x83Q7J\xbf\xdfJ\xc7\x18K\xe8\xaeyW\xd9o\xf0\x8a\xe8\xbf\xf7\xedG\xa2\xcaw\xc7\xec\xf2n\x1cwK\xe2~`S\xeev\xfd+\xd0\xea\xe3\xbb\x138zgS5\xab\xe7\\h\xf6t\x9b\xe0\xc9\xbf\x8b\\\x90T\xab\x1e\xa6\xba\xf1\xc7\x1f\xa2\x97"\x9bx\xc2'... (set the log level to DEBUG or TRACE to see the full content) 
 </msg>
<msg timestamp="20200809 21:20:34.696" level="INFO">POST Response : url=http://ninjachef-api-qaninja-io.umbler.net/products 
 status=200, reason=OK 
 body={"_id":"5f309040fbba920016c6bae3","user":"5f1744fc42f1f60016038846","thumbnail":"thumbnail-1597018175793","name":"Carne de Jaca Louca","plate":"Tipo","price":20,"__v":0,"thumbnail_url":"http://ninjachef-api-qaninja-io.umbler.net/files/thumbnail-1597018175793","id":"5f309040fbba920016c6bae3"} 
 </msg>
<msg timestamp="20200809 21:20:34.697" level="INFO">${resp} = &lt;Response [200]&gt;</msg>
<status status="PASS" starttime="20200809 21:20:34.058" endtime="20200809 21:20:34.697"></status>
</kw>
<kw name="Status Should Be" library="RequestsLibrary">
<doc>Fails if response status code is different than the expected.</doc>
<arguments>
<arg>200</arg>
<arg>${resp}</arg>
</arguments>
<status status="PASS" starttime="20200809 21:20:34.698" endtime="20200809 21:20:34.700"></status>
</kw>
<kw name="Convert To String" library="BuiltIn">
<doc>Converts the given item to a Unicode string.</doc>
<arguments>
<arg>${resp.json()['_id']}</arg>
</arguments>
<assign>
<var>${produto_id}</var>
</assign>
<msg timestamp="20200809 21:20:34.703" level="INFO">${produto_id} = 5f309040fbba920016c6bae3</msg>
<status status="PASS" starttime="20200809 21:20:34.701" endtime="20200809 21:20:34.704"></status>
</kw>
<kw name="Set Test Variable" library="BuiltIn">
<doc>Makes a variable available everywhere within the scope of the current test.</doc>
<arguments>
<arg>${produto_id}</arg>
</arguments>
<msg timestamp="20200809 21:20:34.705" level="INFO">${produto_id} = 5f309040fbba920016c6bae3</msg>
<status status="PASS" starttime="20200809 21:20:34.704" endtime="20200809 21:20:34.705"></status>
</kw>
<kw name="Go To" library="SeleniumLibrary">
<doc>Navigates the current browser window to the provided ``url``.</doc>
<arguments>
<arg>${base_url}</arg>
</arguments>
<msg timestamp="20200809 21:20:34.706" level="INFO">Opening url 'http://ninjachef-qaninja-io.umbler.net/'</msg>
<status status="PASS" starttime="20200809 21:20:34.706" endtime="20200809 21:20:37.956"></status>
</kw>
<kw name="Input Text" library="SeleniumLibrary">
<doc>Types the given ``text`` into the text field identified by ``locator``.</doc>
<arguments>
<arg>${CAMPO_EMAIL}</arg>
<arg>${email_cozinheiro}</arg>
</arguments>
<msg timestamp="20200809 21:20:37.958" level="INFO">Typing text 'eduguedes@gmail.com' into text field 'id:email'.</msg>
<status status="PASS" starttime="20200809 21:20:37.957" endtime="20200809 21:20:38.414"></status>
</kw>
<kw name="Click Element" library="SeleniumLibrary">
<doc>Click the element identified by ``locator``.</doc>
<arguments>
<arg>${BOTAO_ENTRAR}</arg>
</arguments>
<msg timestamp="20200809 21:20:38.416" level="INFO">Clicking element 'css:button[type=submit]'.</msg>
<status status="PASS" starttime="20200809 21:20:38.415" endtime="20200809 21:20:38.528"></status>
</kw>
<kw name="Wait Until Page Contains Element" library="SeleniumLibrary">
<doc>Waits until the element ``locator`` appears on the current page.</doc>
<arguments>
<arg>${DIV_DASH}</arg>
</arguments>
<status status="PASS" starttime="20200809 21:20:38.528" endtime="20200809 21:20:39.305"></status>
</kw>
<status status="PASS" starttime="20200809 21:20:33.992" endtime="20200809 21:20:39.306"></status>
</kw>
<kw name="Quando o cliente solicita o preparo desse prato">
<kw name="Create Dictionary" library="BuiltIn">
<doc>Creates and returns a dictionary based on the given ``items``.</doc>
<arguments>
<arg>Content-Type=application/json</arg>
<arg>user_id=${token_cliente}</arg>
</arguments>
<assign>
<var>&amp;{headers}</var>
</assign>
<msg timestamp="20200809 21:20:39.317" level="INFO">&amp;{headers} = { Content-Type=application/json | user_id=5f1744fc42f1f60016038847 }</msg>
<status status="PASS" starttime="20200809 21:20:39.313" endtime="20200809 21:20:39.317"></status>
</kw>
<kw name="Create Dictionary" library="BuiltIn">
<doc>Creates and returns a dictionary based on the given ``items``.</doc>
<arguments>
<arg>payload=Dinheiro</arg>
</arguments>
<assign>
<var>&amp;{payload}</var>
</assign>
<msg timestamp="20200809 21:20:39.321" level="INFO">&amp;{payload} = { payload=Dinheiro }</msg>
<status status="PASS" starttime="20200809 21:20:39.318" endtime="20200809 21:20:39.322"></status>
</kw>
<kw name="Create Session" library="RequestsLibrary">
<doc>Create Session: create a HTTP session to a server</doc>
<arguments>
<arg>api</arg>
<arg>http://ninjachef-api-qaninja-io.umbler.net</arg>
</arguments>
<msg timestamp="20200809 21:20:39.324" level="INFO">Creating Session using : alias=api, url=http://ninjachef-api-qaninja-io.umbler.net, headers={},                     cookies={}, auth=None, timeout=None, proxies=None, verify=False,                     debug=0 </msg>
<status status="PASS" starttime="20200809 21:20:39.323" endtime="20200809 21:20:39.326"></status>
</kw>
<kw name="Post Request" library="RequestsLibrary">
<doc>Send a POST request on the session object found using the
given `alias`</doc>
<arguments>
<arg>api</arg>
<arg>/products/${produto_id}/orders</arg>
<arg>data=${payload}</arg>
<arg>headers=${headers}</arg>
</arguments>
<assign>
<var>${resp}</var>
</assign>
<msg timestamp="20200809 21:20:40.028" level="INFO">POST Request : url=http://ninjachef-api-qaninja-io.umbler.net/products/5f309040fbba920016c6bae3/orders 
 path_url=/products/5f309040fbba920016c6bae3/orders 
 headers={'User-Agent': 'python-requests/2.24.0', 'Accept-Encoding': 'gzip, deflate', 'Accept': '*/*', 'Connection': 'keep-alive', 'Content-Type': 'application/json', 'user_id': '5f1744fc42f1f60016038847', 'Content-Length': '23'} 
 body={"payload": "Dinheiro"} 
 </msg>
<msg timestamp="20200809 21:20:40.029" level="INFO">POST Response : url=http://ninjachef-api-qaninja-io.umbler.net/products/5f309040fbba920016c6bae3/orders 
 status=200, reason=OK 
 body={"_id":"5f309045fbba920016c6bae4","user":{"_id":"5f1744fc42f1f60016038847","email":"fernando@bol.com.br","__v":0},"product":{"_id":"5f309040fbba920016c6bae3","user":"5f1744fc42f1f60016038846","thumbnail":"thumbnail-1597018175793","name":"Carne de Jaca Louca","plate":"Tipo","price":20,"__v":0,"thumbnail_url":"http://ninjachef-api-qaninja-io.umbler.net/files/thumbnail-1597018175793","id":"5f309040fbba920016c6bae3"},"__v":0} 
 </msg>
<msg timestamp="20200809 21:20:40.030" level="INFO">${resp} = &lt;Response [200]&gt;</msg>
<status status="PASS" starttime="20200809 21:20:39.327" endtime="20200809 21:20:40.030"></status>
</kw>
<kw name="Status Should Be" library="RequestsLibrary">
<doc>Fails if response status code is different than the expected.</doc>
<arguments>
<arg>200</arg>
<arg>${resp}</arg>
</arguments>
<status status="PASS" starttime="20200809 21:20:40.031" endtime="20200809 21:20:40.033"></status>
</kw>
<kw name="Convert To String" library="BuiltIn">
<doc>Converts the given item to a Unicode string.</doc>
<arguments>
<arg>${resp.json()['_id']}</arg>
</arguments>
<assign>
<var>${token_cozinheiro}</var>
</assign>
<msg timestamp="20200809 21:20:40.037" level="INFO">${token_cozinheiro} = 5f309045fbba920016c6bae4</msg>
<status status="PASS" starttime="20200809 21:20:40.034" endtime="20200809 21:20:40.037"></status>
</kw>
<kw name="Set Test Variable" library="BuiltIn">
<doc>Makes a variable available everywhere within the scope of the current test.</doc>
<arguments>
<arg>${token_cozinheiro}</arg>
</arguments>
<msg timestamp="20200809 21:20:40.041" level="INFO">${token_cozinheiro} = 5f309045fbba920016c6bae4</msg>
<status status="PASS" starttime="20200809 21:20:40.038" endtime="20200809 21:20:40.042"></status>
</kw>
<kw name="Sleep" library="BuiltIn">
<doc>Pauses the test executed for the given time.</doc>
<arguments>
<arg>5</arg>
</arguments>
<msg timestamp="20200809 21:20:45.045" level="INFO">Slept 5 seconds</msg>
<status status="PASS" starttime="20200809 21:20:40.042" endtime="20200809 21:20:45.046"></status>
</kw>
<status status="PASS" starttime="20200809 21:20:39.310" endtime="20200809 21:20:45.047"></status>
</kw>
<kw name="Então devo receber uma notificação de pedido desse produto">
<msg timestamp="20200809 21:20:45.073" level="FAIL">No keyword with name 'Então devo receber uma notificação de pedido desse produto' found.</msg>
<status status="FAIL" starttime="20200809 21:20:45.072" endtime="20200809 21:20:45.073"></status>
</kw>
<kw name="Close Session" library="base" type="teardown">
<kw name="Capture Page Screenshot" library="SeleniumLibrary">
<doc>Takes a screenshot of the current page and embeds it into a log file.</doc>
<msg timestamp="20200809 21:20:46.412" level="INFO" html="yes">&lt;/td&gt;&lt;/tr&gt;&lt;tr&gt;&lt;td colspan="3"&gt;&lt;a href="selenium-screenshot-11.png"&gt;&lt;img src="selenium-screenshot-11.png" width="800px"&gt;&lt;/a&gt;</msg>
<status status="PASS" starttime="20200809 21:20:45.085" endtime="20200809 21:20:46.412"></status>
</kw>
<kw name="Close Browser" library="SeleniumLibrary">
<doc>Closes the current browser.</doc>
<status status="PASS" starttime="20200809 21:20:46.413" endtime="20200809 21:20:50.146"></status>
</kw>
<status status="PASS" starttime="20200809 21:20:45.080" endtime="20200809 21:20:50.147"></status>
</kw>
<status status="FAIL" starttime="20200809 21:20:24.807" endtime="20200809 21:20:50.148" critical="yes">No keyword with name 'Então devo receber uma notificação de pedido desse produto' found.</status>
</test>
<doc>Receber pedidos
Sendo um cozinheiro que possui produtos no dashboard
Quero receber pedidos de preparo dos meus produtos
Para que eu possa enviá-los aos meus clientes</doc>
<status status="FAIL" starttime="20200809 21:20:22.220" endtime="20200809 21:20:50.157"></status>
</suite>
<statistics>
<total>
<stat pass="0" fail="1">Critical Tests</stat>
<stat pass="0" fail="1">All Tests</stat>
</total>
<tag>
</tag>
<suite>
<stat pass="0" fail="1" id="s1" name="Receber-Pedidos">Receber-Pedidos</stat>
</suite>
</statistics>
<errors>
</errors>
</robot>
