<?xml version="1.0" encoding="UTF-8"?>
<robot generator="Robot 3.2.1 (Python 3.8.3 on win32)" generated="20200814 15:40:13.736" rpa="false">
<suite id="s1" name="Test" source="C:\Users\Celo\Documents\MEGAsync\Study\IT\QA_automation\QA Ninja\RobotBeginner\test.robot">
<test id="s1-t1" name="Deve retornar mensagem de boas-vindas">
<kw name="Welcome" library="app">
<arguments>
<arg>Marcelo</arg>
</arguments>
<assign>
<var>${result}</var>
</assign>
<msg timestamp="20200814 15:40:14.194" level="INFO">${result} = Olá, Marcelo. Bem-vindo ao curso básico de Robot Framework!</msg>
<status status="PASS" starttime="20200814 15:40:14.192" endtime="20200814 15:40:14.195"></status>
</kw>
<kw name="Should Be Equal" library="BuiltIn">
<doc>Fails if the given objects are unequal.</doc>
<arguments>
<arg>${result}</arg>
<arg>Olá, Marcelo. Bem-vindo ao curso básico de Robot Framework!</arg>
</arguments>
<status status="PASS" starttime="20200814 15:40:14.196" endtime="20200814 15:40:14.199"></status>
</kw>
<status status="PASS" starttime="20200814 15:40:14.183" endtime="20200814 15:40:14.200" critical="yes"></status>
</test>
<status status="PASS" starttime="20200814 15:40:13.770" endtime="20200814 15:40:14.216"></status>
</suite>
<statistics>
<total>
<stat pass="1" fail="0">Critical Tests</stat>
<stat pass="1" fail="0">All Tests</stat>
</total>
<tag>
</tag>
<suite>
<stat pass="1" fail="0" id="s1" name="Test">Test</stat>
</suite>
</statistics>
<errors>
</errors>
</robot>
