<?xml version="1.0" encoding="UTF-8"?>
<robot generator="Robot 3.2.1 (Python 3.8.3 on win32)" generated="20200821 15:51:27.619" rpa="false">
<suite id="s1" name="Login" source="C:\Users\Celo\Documents\MEGAsync\Study\IT\QA_automation\QA Ninja\RoboCamp6ed\ze-palheta\login.robot">
<test id="s1-t1" name="Login do Administrador">
<kw name="Acesso a página Login">
<kw name="Open Browser" library="SeleniumLibrary">
<doc>Opens a new browser instance to the optional ``url``.</doc>
<arguments>
<arg>http://zepalheta-web:3000</arg>
<arg>chrome</arg>
</arguments>
<msg timestamp="20200821 15:51:28.891" level="INFO">Opening browser 'chrome' to base url 'http://zepalheta-web:3000'.</msg>
<status status="PASS" starttime="20200821 15:51:28.889" endtime="20200821 15:51:39.070"></status>
</kw>
<status status="PASS" starttime="20200821 15:51:28.887" endtime="20200821 15:51:39.071"></status>
</kw>
<kw name="Submeto minhas credenciais">
<arguments>
<arg>admin@zepalheta.com.br</arg>
<arg>pwd123</arg>
</arguments>
<kw name="Input Text" library="SeleniumLibrary">
<doc>Types the given ``text`` into the text field identified by ``locator``.</doc>
<arguments>
<arg>id:txtEmail</arg>
<arg>${email}</arg>
</arguments>
<msg timestamp="20200821 15:51:39.082" level="INFO">Typing text 'admin@zepalheta.com.br' into text field 'id:txtEmail'.</msg>
<status status="PASS" starttime="20200821 15:51:39.081" endtime="20200821 15:51:40.670"></status>
</kw>
<kw name="Input Text" library="SeleniumLibrary">
<doc>Types the given ``text`` into the text field identified by ``locator``.</doc>
<arguments>
<arg>css:input[placeholder=Senha]</arg>
<arg>${password}</arg>
</arguments>
<msg timestamp="20200821 15:51:40.673" level="INFO">Typing text 'pwd123' into text field 'css:input[placeholder=Senha]'.</msg>
<status status="PASS" starttime="20200821 15:51:40.671" endtime="20200821 15:51:41.232"></status>
</kw>
<kw name="Click Element" library="SeleniumLibrary">
<doc>Click the element identified by ``locator``.</doc>
<arguments>
<arg>xpath://button[text()='Entrar']</arg>
</arguments>
<msg timestamp="20200821 15:51:41.233" level="INFO">Clicking element 'xpath://button[text()='Entrar']'.</msg>
<status status="PASS" starttime="20200821 15:51:41.232" endtime="20200821 15:51:41.627"></status>
</kw>
<kw name="Maximize Browser Window" library="SeleniumLibrary">
<doc>Maximizes current browser window.</doc>
<status status="PASS" starttime="20200821 15:51:41.628" endtime="20200821 15:51:43.842"></status>
</kw>
<status status="PASS" starttime="20200821 15:51:39.079" endtime="20200821 15:51:43.843"></status>
</kw>
<kw name="Devo ver a área logada">
<kw name="Wait Until Page Contains" library="SeleniumLibrary">
<doc>Waits until ``text`` appears on the current page.</doc>
<arguments>
<arg>Aluguéis</arg>
<arg>5</arg>
</arguments>
<status status="PASS" starttime="20200821 15:51:43.855" endtime="20200821 15:51:43.957"></status>
</kw>
<kw name="Close Browser" library="SeleniumLibrary">
<doc>Closes the current browser.</doc>
<status status="PASS" starttime="20200821 15:51:43.958" endtime="20200821 15:51:47.251"></status>
</kw>
<status status="PASS" starttime="20200821 15:51:43.853" endtime="20200821 15:51:47.252"></status>
</kw>
<status status="PASS" starttime="20200821 15:51:28.883" endtime="20200821 15:51:47.253" critical="yes"></status>
</test>
<doc>Login</doc>
<status status="PASS" starttime="20200821 15:51:27.632" endtime="20200821 15:51:47.258"></status>
</suite>
<statistics>
<total>
<stat pass="1" fail="0">Critical Tests</stat>
<stat pass="1" fail="0">All Tests</stat>
</total>
<tag>
</tag>
<suite>
<stat pass="1" fail="0" id="s1" name="Login">Login</stat>
</suite>
</statistics>
<errors>
</errors>
</robot>
