<?xml version="1.0" encoding="UTF-8"?>
<robot generator="Robot 3.2.1 (Python 3.8.3 on win32)" generated="20200821 17:44:05.587" rpa="false">
<suite id="s1" name="Login" source="C:\Users\Celo\Documents\MEGAsync\Study\IT\QA_automation\QA Ninja\RoboCamp6ed\ze-palheta\tests\login.robot">
<test id="s1-t1" name="Login do Administrador">
<kw name="Acesso a página Login" library="kws">
<kw name="Open Browser" library="SeleniumLibrary">
<doc>Opens a new browser instance to the optional ``url``.</doc>
<arguments>
<arg>http://zepalheta-web:3000</arg>
<arg>chrome</arg>
</arguments>
<msg timestamp="20200821 17:44:06.700" level="INFO">Opening browser 'chrome' to base url 'http://zepalheta-web:3000'.</msg>
<status status="PASS" starttime="20200821 17:44:06.699" endtime="20200821 17:44:14.624"></status>
</kw>
<status status="PASS" starttime="20200821 17:44:06.697" endtime="20200821 17:44:14.625"></status>
</kw>
<kw name="Submeto minhas credenciais" library="kws">
<arguments>
<arg>admin@zepalheta.com.br</arg>
<arg>pwd123</arg>
</arguments>
<kw name="Input Text" library="SeleniumLibrary">
<doc>Types the given ``text`` into the text field identified by ``locator``.</doc>
<arguments>
<arg>id:txtEmail</arg>
<arg>${email}</arg>
</arguments>
<msg timestamp="20200821 17:44:14.668" level="INFO">Typing text 'admin@zepalheta.com.br' into text field 'id:txtEmail'.</msg>
<status status="PASS" starttime="20200821 17:44:14.667" endtime="20200821 17:44:17.128"></status>
</kw>
<kw name="Input Text" library="SeleniumLibrary">
<doc>Types the given ``text`` into the text field identified by ``locator``.</doc>
<arguments>
<arg>css:input[placeholder=Senha]</arg>
<arg>${password}</arg>
</arguments>
<msg timestamp="20200821 17:44:17.133" level="INFO">Typing text 'pwd123' into text field 'css:input[placeholder=Senha]'.</msg>
<status status="PASS" starttime="20200821 17:44:17.129" endtime="20200821 17:44:17.744"></status>
</kw>
<kw name="Click Element" library="SeleniumLibrary">
<doc>Click the element identified by ``locator``.</doc>
<arguments>
<arg>xpath://button[text()='Entrar']</arg>
</arguments>
<msg timestamp="20200821 17:44:17.746" level="INFO">Clicking element 'xpath://button[text()='Entrar']'.</msg>
<status status="PASS" starttime="20200821 17:44:17.744" endtime="20200821 17:44:18.156"></status>
</kw>
<kw name="Maximize Browser Window" library="SeleniumLibrary">
<doc>Maximizes current browser window.</doc>
<status status="PASS" starttime="20200821 17:44:18.156" endtime="20200821 17:44:20.357"></status>
</kw>
<status status="PASS" starttime="20200821 17:44:14.665" endtime="20200821 17:44:20.358"></status>
</kw>
<kw name="Devo ver a área logada" library="kws">
<kw name="Wait Until Page Contains" library="SeleniumLibrary">
<doc>Waits until ``text`` appears on the current page.</doc>
<arguments>
<arg>Aluguéis</arg>
<arg>5</arg>
</arguments>
<status status="PASS" starttime="20200821 17:44:20.363" endtime="20200821 17:44:20.440"></status>
</kw>
<kw name="Close Browser" library="SeleniumLibrary">
<doc>Closes the current browser.</doc>
<status status="PASS" starttime="20200821 17:44:20.440" endtime="20200821 17:44:23.477"></status>
</kw>
<status status="PASS" starttime="20200821 17:44:20.361" endtime="20200821 17:44:23.478"></status>
</kw>
<status status="PASS" starttime="20200821 17:44:06.690" endtime="20200821 17:44:23.479" critical="yes"></status>
</test>
<doc>Login</doc>
<status status="PASS" starttime="20200821 17:44:05.596" endtime="20200821 17:44:23.485"></status>
</suite>
<statistics>
<total>
<stat pass="1" fail="0">Critical Tests</stat>
<stat pass="1" fail="0">All Tests</stat>
</total>
<tag>
</tag>
<suite>
<stat pass="1" fail="0" id="s1" name="Login">Login</stat>
</suite>
</statistics>
<errors>
</errors>
</robot>
