<?xml version="1.0" encoding="UTF-8"?>
<robot generator="Robot 3.2.1 (Python 3.8.3 on win32)" generated="20200725 17:28:35.414" rpa="false">
<suite id="s1" name="Login" source="c:\Users\Celo\Documents\MEGAsync\Study\IT\QA_automation\QA Ninja\RoboWeek2ed\ninjachef\mobile\tests\login.robot">
<test id="s1-t1" name="Acessar cardapio">
<kw name="Open Session" library="base" type="setup">
<kw name="Open Application" library="AppiumLibrary">
<doc>Opens a new application to given Appium server.
Capabilities of appium server, Android and iOS,
Please check https://github.com/appium/appium/blob/master/docs/en/writing-running-appium/server-args.md
| *Option*            | *Man.* | *Description*     |
| remote_url          | Yes    | Appium server url |
| alias               | no     | alias             |</doc>
<arguments>
<arg>http://localhost:4723/wd/hub</arg>
<arg>automationName=UiAutomator2</arg>
<arg>platformName=Android</arg>
<arg>deviceName=Emulator</arg>
<arg>app=${EXECDIR}/app/ninjachef.apk</arg>
<arg>udid=emulator-5554</arg>
<arg>adbExecTimeout=120000</arg>
</arguments>
<status status="PASS" starttime="20200725 17:28:39.596" endtime="20200725 17:29:39.792"></status>
</kw>
<status status="PASS" starttime="20200725 17:28:39.593" endtime="20200725 17:29:39.793"></status>
</kw>
<kw name="Dado que desejo comer &quot;Massas&quot;">
<kw name="Set Test Variable" library="BuiltIn">
<doc>Makes a variable available everywhere within the scope of the current test.</doc>
<arguments>
<arg>${prato}</arg>
</arguments>
<msg timestamp="20200725 17:29:39.795" level="INFO">${prato} = Massas</msg>
<status status="PASS" starttime="20200725 17:29:39.795" endtime="20200725 17:29:39.796"></status>
</kw>
<status status="PASS" starttime="20200725 17:29:39.794" endtime="20200725 17:29:39.796"></status>
</kw>
<kw name="Quando submeto meu email &quot;joao@gmmail.com&quot;">
<kw name="Wait Until Page Contains" library="AppiumLibrary">
<doc>Waits until `text` appears on current page.</doc>
<arguments>
<arg>Buscar Prato</arg>
<arg>10</arg>
</arguments>
<status status="PASS" starttime="20200725 17:29:39.798" endtime="20200725 17:29:46.600"></status>
</kw>
<kw name="Input Text" library="AppiumLibrary">
<doc>Types the given `text` into text field identified by `locator`.</doc>
<arguments>
<arg>accessibility_id=emailInput</arg>
<arg>${email}</arg>
</arguments>
<msg timestamp="20200725 17:29:46.602" level="INFO">Typing text 'joao@gmmail.com' into text field 'accessibility_id=emailInput'</msg>
<status status="PASS" starttime="20200725 17:29:46.600" endtime="20200725 17:29:46.763"></status>
</kw>
<kw name="Input Text" library="AppiumLibrary">
<doc>Types the given `text` into text field identified by `locator`.</doc>
<arguments>
<arg>accessibility_id=plateInput</arg>
<arg>${prato}</arg>
</arguments>
<msg timestamp="20200725 17:29:46.766" level="INFO">Typing text 'Massas' into text field 'accessibility_id=plateInput'</msg>
<status status="PASS" starttime="20200725 17:29:46.764" endtime="20200725 17:29:47.460"></status>
</kw>
<kw name="Click Text" library="AppiumLibrary">
<doc>Click text identified by ``text``.</doc>
<arguments>
<arg>Buscar Prato</arg>
</arguments>
<status status="PASS" starttime="20200725 17:29:47.460" endtime="20200725 17:29:49.637"></status>
</kw>
<status status="PASS" starttime="20200725 17:29:39.797" endtime="20200725 17:29:49.638"></status>
</kw>
<kw name="Então devo ver a lista de pratos por tipo">
<kw name="Wait Until Page Contains" library="AppiumLibrary">
<doc>Waits until `text` appears on current page.</doc>
<arguments>
<arg>Fome de ${prato}</arg>
</arguments>
<status status="PASS" starttime="20200725 17:29:49.641" endtime="20200725 17:29:52.814"></status>
</kw>
<kw name="Sleep" library="BuiltIn">
<doc>Pauses the test executed for the given time.</doc>
<arguments>
<arg>5</arg>
</arguments>
<msg timestamp="20200725 17:29:57.815" level="INFO">Slept 5 seconds</msg>
<status status="PASS" starttime="20200725 17:29:52.814" endtime="20200725 17:29:57.816"></status>
</kw>
<status status="PASS" starttime="20200725 17:29:49.640" endtime="20200725 17:29:57.817"></status>
</kw>
<kw name="Close Session" library="base" type="teardown">
<kw name="Close Application" library="AppiumLibrary">
<doc>Closes the current application and also close webdriver session.</doc>
<status status="PASS" starttime="20200725 17:29:57.823" endtime="20200725 17:30:04.411"></status>
</kw>
<status status="PASS" starttime="20200725 17:29:57.820" endtime="20200725 17:30:04.411"></status>
</kw>
<status status="PASS" starttime="20200725 17:28:39.587" endtime="20200725 17:30:04.412" critical="yes"></status>
</test>
<doc>Testes do Login no NinjaChef Mobile</doc>
<status status="PASS" starttime="20200725 17:28:35.471" endtime="20200725 17:30:04.414"></status>
</suite>
<statistics>
<total>
<stat pass="1" fail="0">Critical Tests</stat>
<stat pass="1" fail="0">All Tests</stat>
</total>
<tag>
</tag>
<suite>
<stat pass="1" fail="0" id="s1" name="Login">Login</stat>
</suite>
</statistics>
<errors>
</errors>
</robot>
