<?xml version="1.0" encoding="UTF-8"?>
<robot generator="Robot 3.2.1 (Python 3.8.3 on win32)" generated="20200826 22:01:17.648" rpa="false">
<suite id="s1" name="teste iLab" source="C:\Users\Celo\Documents\MEGAsync\Study\IT\QA_automation\Robot\MyTries\iLab\teste_iLab.robot">
<test id="s1-t1" name="Teste iLab">
<kw name="Dado que acesso o buscador">
<kw name="Open Browser" library="SeleniumLibrary">
<doc>Opens a new browser instance to the optional ``url``.</doc>
<arguments>
<arg>https://www.google.com</arg>
<arg>chrome</arg>
</arguments>
<msg timestamp="20200826 22:01:19.186" level="INFO">Opening browser 'chrome' to base url 'https://www.google.com'.</msg>
<status status="PASS" starttime="20200826 22:01:19.184" endtime="20200826 22:01:27.672"></status>
</kw>
<status status="PASS" starttime="20200826 22:01:19.180" endtime="20200826 22:01:27.673"></status>
</kw>
<kw name="Quando pesquiso por termo">
<arguments>
<arg>iLab Quality</arg>
</arguments>
<kw name="Wait Until Element Is Visible" library="SeleniumLibrary">
<doc>Waits until the element ``locator`` is visible.</doc>
<arguments>
<arg>css:input[type=text]</arg>
<arg>2</arg>
</arguments>
<status status="PASS" starttime="20200826 22:01:27.677" endtime="20200826 22:01:27.782"></status>
</kw>
<kw name="Input Text" library="SeleniumLibrary">
<doc>Types the given ``text`` into the text field identified by ``locator``.</doc>
<arguments>
<arg>css:input[type=text]</arg>
<arg>${text_search}</arg>
</arguments>
<msg timestamp="20200826 22:01:27.782" level="INFO">Typing text 'iLab Quality' into text field 'css:input[type=text]'.</msg>
<status status="PASS" starttime="20200826 22:01:27.782" endtime="20200826 22:01:28.110"></status>
</kw>
<kw name="Press Keys" library="SeleniumLibrary">
<doc>Simulates the user pressing key(s) to an element or on the active browser.</doc>
<arguments>
<arg>css:input[type=text]</arg>
<arg>ENTER</arg>
</arguments>
<msg timestamp="20200826 22:01:28.112" level="INFO">Sending key(s) ('ENTER',) to css:input[type=text] element.</msg>
<msg timestamp="20200826 22:01:28.432" level="INFO">Pressing special key ENTER to element.</msg>
<msg timestamp="20200826 22:01:28.433" level="INFO">Releasing special key ENTER.</msg>
<status status="PASS" starttime="20200826 22:01:28.111" endtime="20200826 22:01:29.881"></status>
</kw>
<status status="PASS" starttime="20200826 22:01:27.675" endtime="20200826 22:01:29.881"></status>
</kw>
<kw name="Então devo encontrar referências relacionadas">
<arguments>
<arg>iLAB: Home Page</arg>
<arg>iLAB | LinkedIn</arg>
<arg>Vagas Abertas | iLAB Quality</arg>
</arguments>
<kw name="Wait Until Page Contains" library="SeleniumLibrary">
<doc>Waits until ``text`` appears on the current page.</doc>
<arguments>
<arg>${result_1}</arg>
<arg>2</arg>
</arguments>
<status status="PASS" starttime="20200826 22:01:29.884" endtime="20200826 22:01:29.947"></status>
</kw>
<kw name="Wait Until Page Contains" library="SeleniumLibrary">
<doc>Waits until ``text`` appears on the current page.</doc>
<arguments>
<arg>${result_2}</arg>
<arg>2</arg>
</arguments>
<status status="PASS" starttime="20200826 22:01:29.948" endtime="20200826 22:01:29.994"></status>
</kw>
<kw name="Wait Until Page Contains" library="SeleniumLibrary">
<doc>Waits until ``text`` appears on the current page.</doc>
<arguments>
<arg>${result_3}</arg>
<arg>2</arg>
</arguments>
<status status="PASS" starttime="20200826 22:01:29.994" endtime="20200826 22:01:30.020"></status>
</kw>
<kw name="Close Browser" library="SeleniumLibrary">
<doc>Closes the current browser.</doc>
<status status="PASS" starttime="20200826 22:01:30.021" endtime="20200826 22:01:32.257"></status>
</kw>
<status status="PASS" starttime="20200826 22:01:29.882" endtime="20200826 22:01:32.257"></status>
</kw>
<status status="PASS" starttime="20200826 22:01:19.174" endtime="20200826 22:01:32.259" critical="yes"></status>
</test>
<doc>Desafio iLab</doc>
<status status="PASS" starttime="20200826 22:01:17.659" endtime="20200826 22:01:32.265"></status>
</suite>
<statistics>
<total>
<stat pass="1" fail="0">Critical Tests</stat>
<stat pass="1" fail="0">All Tests</stat>
</total>
<tag>
</tag>
<suite>
<stat pass="1" fail="0" id="s1" name="teste iLab">teste iLab</stat>
</suite>
</statistics>
<errors>
</errors>
</robot>
